2019-02-21 15:53:22 INFO  Controller:32 - CONNECTED
2019-02-21 19:06:02 INFO  Controller:32 - CONNECTED
2019-02-21 19:10:27 ERROR Controller:39 - Error while connection: 
model.POP3ConnectionException: Cannot connect to server
	at controller.Controller.connect(Controller.java:39)
	at view.MainWindow.lambda$new$3(MainWindow.java:153)
	at com.sun.javafx.event.CompositeEventHandler.dispatchBubblingEvent(CompositeEventHandler.java:86)
	at com.sun.javafx.event.EventHandlerManager.dispatchBubblingEvent(EventHandlerManager.java:238)
	at com.sun.javafx.event.EventHandlerManager.dispatchBubblingEvent(EventHandlerManager.java:191)
	at com.sun.javafx.event.CompositeEventDispatcher.dispatchBubblingEvent(CompositeEventDispatcher.java:59)
	at com.sun.javafx.event.BasicEventDispatcher.dispatchEvent(BasicEventDispatcher.java:58)
	at com.sun.javafx.event.EventDispatchChainImpl.dispatchEvent(EventDispatchChainImpl.java:114)
	at com.sun.javafx.event.BasicEventDispatcher.dispatchEvent(BasicEventDispatcher.java:56)
	at com.sun.javafx.event.EventDispatchChainImpl.dispatchEvent(EventDispatchChainImpl.java:114)
	at com.sun.javafx.event.BasicEventDispatcher.dispatchEvent(BasicEventDispatcher.java:56)
	at com.sun.javafx.event.EventDispatchChainImpl.dispatchEvent(EventDispatchChainImpl.java:114)
	at com.sun.javafx.event.EventUtil.fireEventImpl(EventUtil.java:74)
	at com.sun.javafx.event.EventUtil.fireEvent(EventUtil.java:49)
	at javafx.event.Event.fireEvent(Event.java:198)
	at javafx.scene.Node.fireEvent(Node.java:8413)
	at javafx.scene.control.ToggleButton.fire(ToggleButton.java:256)
	at javafx.scene.control.RadioButton.fire(RadioButton.java:113)
	at com.sun.javafx.scene.control.behavior.ButtonBehavior.mouseReleased(ButtonBehavior.java:182)
	at com.sun.javafx.scene.control.skin.BehaviorSkinBase$1.handle(BehaviorSkinBase.java:96)
	at com.sun.javafx.scene.control.skin.BehaviorSkinBase$1.handle(BehaviorSkinBase.java:89)
	at com.sun.javafx.event.CompositeEventHandler$NormalEventHandlerRecord.handleBubblingEvent(CompositeEventHandler.java:218)
	at com.sun.javafx.event.CompositeEventHandler.dispatchBubblingEvent(CompositeEventHandler.java:80)
	at com.sun.javafx.event.EventHandlerManager.dispatchBubblingEvent(EventHandlerManager.java:238)
	at com.sun.javafx.event.EventHandlerManager.dispatchBubblingEvent(EventHandlerManager.java:191)
	at com.sun.javafx.event.CompositeEventDispatcher.dispatchBubblingEvent(CompositeEventDispatcher.java:59)
	at com.sun.javafx.event.BasicEventDispatcher.dispatchEvent(BasicEventDispatcher.java:58)
	at com.sun.javafx.event.EventDispatchChainImpl.dispatchEvent(EventDispatchChainImpl.java:114)
	at com.sun.javafx.event.BasicEventDispatcher.dispatchEvent(BasicEventDispatcher.java:56)
	at com.sun.javafx.event.EventDispatchChainImpl.dispatchEvent(EventDispatchChainImpl.java:114)
	at com.sun.javafx.event.BasicEventDispatcher.dispatchEvent(BasicEventDispatcher.java:56)
	at com.sun.javafx.event.EventDispatchChainImpl.dispatchEvent(EventDispatchChainImpl.java:114)
	at com.sun.javafx.event.EventUtil.fireEventImpl(EventUtil.java:74)
	at com.sun.javafx.event.EventUtil.fireEvent(EventUtil.java:54)
	at javafx.event.Event.fireEvent(Event.java:198)
	at javafx.scene.Scene$MouseHandler.process(Scene.java:3757)
	at javafx.scene.Scene$MouseHandler.access$1500(Scene.java:3485)
	at javafx.scene.Scene.impl_processMouseEvent(Scene.java:1762)
	at javafx.scene.Scene$ScenePeerListener.mouseEvent(Scene.java:2494)
	at com.sun.javafx.tk.quantum.GlassViewEventHandler$MouseEventNotification.run(GlassViewEventHandler.java:381)
	at com.sun.javafx.tk.quantum.GlassViewEventHandler$MouseEventNotification.run(GlassViewEventHandler.java:295)
	at java.security.AccessController.doPrivileged(Native Method)
	at com.sun.javafx.tk.quantum.GlassViewEventHandler.lambda$handleMouseEvent$354(GlassViewEventHandler.java:417)
	at com.sun.javafx.tk.quantum.QuantumToolkit.runWithoutRenderLock(QuantumToolkit.java:389)
	at com.sun.javafx.tk.quantum.GlassViewEventHandler.handleMouseEvent(GlassViewEventHandler.java:416)
	at com.sun.glass.ui.View.handleMouseEvent(View.java:555)
	at com.sun.glass.ui.View.notifyMouse(View.java:937)
	at com.sun.glass.ui.win.WinApplication._runLoop(Native Method)
	at com.sun.glass.ui.win.WinApplication.lambda$null$148(WinApplication.java:191)
	at java.lang.Thread.run(Thread.java:748)
2019-02-21 19:11:13 INFO  Controller:32 - CONNECTED
2019-02-21 19:13:43 INFO  Controller:32 - CONNECTED
2019-02-21 19:13:57 INFO  Controller:32 - CONNECTED
2019-02-21 19:16:16 INFO  Controller:32 - CONNECTED
2019-02-21 21:22:48 INFO  Controller:32 - CONNECTED
2019-02-21 21:29:00 INFO  Controller:32 - CONNECTED
2019-02-21 21:40:32 INFO  Controller:32 - CONNECTED
2019-02-21 21:45:58 INFO  Controller:32 - CONNECTED
2019-02-21 21:52:48 INFO  Controller:32 - CONNECTED
2019-02-21 22:02:14 INFO  Controller:32 - CONNECTED
2019-02-21 22:10:30 INFO  Controller:32 - CONNECTED
2019-02-21 22:14:18 INFO  Controller:32 - CONNECTED
2019-02-22 16:34:01 INFO  Controller:32 - CONNECTED
2019-02-22 18:17:26 INFO  Controller:32 - CONNECTED
2019-02-22 18:18:50 INFO  Controller:53 - DISCONNECTED
2019-02-25 14:37:18 INFO  Controller:32 - CONNECTED
2019-02-25 14:42:41 ERROR Controller:39 - Error while connection: 
model.POP3ConnectionException: Cannot connect to server
	at controller.Controller.connect(Controller.java:39)
	at view.MainWindow.lambda$new$3(MainWindow.java:155)
	at com.sun.javafx.event.CompositeEventHandler.dispatchBubblingEvent(CompositeEventHandler.java:86)
	at com.sun.javafx.event.EventHandlerManager.dispatchBubblingEvent(EventHandlerManager.java:238)
	at com.sun.javafx.event.EventHandlerManager.dispatchBubblingEvent(EventHandlerManager.java:191)
	at com.sun.javafx.event.CompositeEventDispatcher.dispatchBubblingEvent(CompositeEventDispatcher.java:59)
	at com.sun.javafx.event.BasicEventDispatcher.dispatchEvent(BasicEventDispatcher.java:58)
	at com.sun.javafx.event.EventDispatchChainImpl.dispatchEvent(EventDispatchChainImpl.java:114)
	at com.sun.javafx.event.BasicEventDispatcher.dispatchEvent(BasicEventDispatcher.java:56)
	at com.sun.javafx.event.EventDispatchChainImpl.dispatchEvent(EventDispatchChainImpl.java:114)
	at com.sun.javafx.event.BasicEventDispatcher.dispatchEvent(BasicEventDispatcher.java:56)
	at com.sun.javafx.event.EventDispatchChainImpl.dispatchEvent(EventDispatchChainImpl.java:114)
	at com.sun.javafx.event.EventUtil.fireEventImpl(EventUtil.java:74)
	at com.sun.javafx.event.EventUtil.fireEvent(EventUtil.java:49)
	at javafx.event.Event.fireEvent(Event.java:198)
	at javafx.scene.Node.fireEvent(Node.java:8413)
	at javafx.scene.control.ToggleButton.fire(ToggleButton.java:256)
	at javafx.scene.control.RadioButton.fire(RadioButton.java:113)
	at com.sun.javafx.scene.control.behavior.ButtonBehavior.mouseReleased(ButtonBehavior.java:182)
	at com.sun.javafx.scene.control.skin.BehaviorSkinBase$1.handle(BehaviorSkinBase.java:96)
	at com.sun.javafx.scene.control.skin.BehaviorSkinBase$1.handle(BehaviorSkinBase.java:89)
	at com.sun.javafx.event.CompositeEventHandler$NormalEventHandlerRecord.handleBubblingEvent(CompositeEventHandler.java:218)
	at com.sun.javafx.event.CompositeEventHandler.dispatchBubblingEvent(CompositeEventHandler.java:80)
	at com.sun.javafx.event.EventHandlerManager.dispatchBubblingEvent(EventHandlerManager.java:238)
	at com.sun.javafx.event.EventHandlerManager.dispatchBubblingEvent(EventHandlerManager.java:191)
	at com.sun.javafx.event.CompositeEventDispatcher.dispatchBubblingEvent(CompositeEventDispatcher.java:59)
	at com.sun.javafx.event.BasicEventDispatcher.dispatchEvent(BasicEventDispatcher.java:58)
	at com.sun.javafx.event.EventDispatchChainImpl.dispatchEvent(EventDispatchChainImpl.java:114)
	at com.sun.javafx.event.BasicEventDispatcher.dispatchEvent(BasicEventDispatcher.java:56)
	at com.sun.javafx.event.EventDispatchChainImpl.dispatchEvent(EventDispatchChainImpl.java:114)
	at com.sun.javafx.event.BasicEventDispatcher.dispatchEvent(BasicEventDispatcher.java:56)
	at com.sun.javafx.event.EventDispatchChainImpl.dispatchEvent(EventDispatchChainImpl.java:114)
	at com.sun.javafx.event.EventUtil.fireEventImpl(EventUtil.java:74)
	at com.sun.javafx.event.EventUtil.fireEvent(EventUtil.java:54)
	at javafx.event.Event.fireEvent(Event.java:198)
	at javafx.scene.Scene$MouseHandler.process(Scene.java:3757)
	at javafx.scene.Scene$MouseHandler.access$1500(Scene.java:3485)
	at javafx.scene.Scene.impl_processMouseEvent(Scene.java:1762)
	at javafx.scene.Scene$ScenePeerListener.mouseEvent(Scene.java:2494)
	at com.sun.javafx.tk.quantum.GlassViewEventHandler$MouseEventNotification.run(GlassViewEventHandler.java:381)
	at com.sun.javafx.tk.quantum.GlassViewEventHandler$MouseEventNotification.run(GlassViewEventHandler.java:295)
	at java.security.AccessController.doPrivileged(Native Method)
	at com.sun.javafx.tk.quantum.GlassViewEventHandler.lambda$handleMouseEvent$354(GlassViewEventHandler.java:417)
	at com.sun.javafx.tk.quantum.QuantumToolkit.runWithoutRenderLock(QuantumToolkit.java:389)
	at com.sun.javafx.tk.quantum.GlassViewEventHandler.handleMouseEvent(GlassViewEventHandler.java:416)
	at com.sun.glass.ui.View.handleMouseEvent(View.java:555)
	at com.sun.glass.ui.View.notifyMouse(View.java:937)
	at com.sun.glass.ui.win.WinApplication._runLoop(Native Method)
	at com.sun.glass.ui.win.WinApplication.lambda$null$148(WinApplication.java:191)
	at java.lang.Thread.run(Thread.java:748)
2019-02-26 11:38:53 ERROR Controller:39 - Error while connection: 
model.POP3ConnectionException: Cannot connect to server
	at controller.Controller.connect(Controller.java:39)
	at view.MainWindow.lambda$new$3(MainWindow.java:155)
	at com.sun.javafx.event.CompositeEventHandler.dispatchBubblingEvent(CompositeEventHandler.java:86)
	at com.sun.javafx.event.EventHandlerManager.dispatchBubblingEvent(EventHandlerManager.java:238)
	at com.sun.javafx.event.EventHandlerManager.dispatchBubblingEvent(EventHandlerManager.java:191)
	at com.sun.javafx.event.CompositeEventDispatcher.dispatchBubblingEvent(CompositeEventDispatcher.java:59)
	at com.sun.javafx.event.BasicEventDispatcher.dispatchEvent(BasicEventDispatcher.java:58)
	at com.sun.javafx.event.EventDispatchChainImpl.dispatchEvent(EventDispatchChainImpl.java:114)
	at com.sun.javafx.event.BasicEventDispatcher.dispatchEvent(BasicEventDispatcher.java:56)
	at com.sun.javafx.event.EventDispatchChainImpl.dispatchEvent(EventDispatchChainImpl.java:114)
	at com.sun.javafx.event.BasicEventDispatcher.dispatchEvent(BasicEventDispatcher.java:56)
	at com.sun.javafx.event.EventDispatchChainImpl.dispatchEvent(EventDispatchChainImpl.java:114)
	at com.sun.javafx.event.EventUtil.fireEventImpl(EventUtil.java:74)
	at com.sun.javafx.event.EventUtil.fireEvent(EventUtil.java:49)
	at javafx.event.Event.fireEvent(Event.java:198)
	at javafx.scene.Node.fireEvent(Node.java:8413)
	at javafx.scene.control.ToggleButton.fire(ToggleButton.java:256)
	at javafx.scene.control.RadioButton.fire(RadioButton.java:113)
	at com.sun.javafx.scene.control.behavior.ButtonBehavior.mouseReleased(ButtonBehavior.java:182)
	at com.sun.javafx.scene.control.skin.BehaviorSkinBase$1.handle(BehaviorSkinBase.java:96)
	at com.sun.javafx.scene.control.skin.BehaviorSkinBase$1.handle(BehaviorSkinBase.java:89)
	at com.sun.javafx.event.CompositeEventHandler$NormalEventHandlerRecord.handleBubblingEvent(CompositeEventHandler.java:218)
	at com.sun.javafx.event.CompositeEventHandler.dispatchBubblingEvent(CompositeEventHandler.java:80)
	at com.sun.javafx.event.EventHandlerManager.dispatchBubblingEvent(EventHandlerManager.java:238)
	at com.sun.javafx.event.EventHandlerManager.dispatchBubblingEvent(EventHandlerManager.java:191)
	at com.sun.javafx.event.CompositeEventDispatcher.dispatchBubblingEvent(CompositeEventDispatcher.java:59)
	at com.sun.javafx.event.BasicEventDispatcher.dispatchEvent(BasicEventDispatcher.java:58)
	at com.sun.javafx.event.EventDispatchChainImpl.dispatchEvent(EventDispatchChainImpl.java:114)
	at com.sun.javafx.event.BasicEventDispatcher.dispatchEvent(BasicEventDispatcher.java:56)
	at com.sun.javafx.event.EventDispatchChainImpl.dispatchEvent(EventDispatchChainImpl.java:114)
	at com.sun.javafx.event.BasicEventDispatcher.dispatchEvent(BasicEventDispatcher.java:56)
	at com.sun.javafx.event.EventDispatchChainImpl.dispatchEvent(EventDispatchChainImpl.java:114)
	at com.sun.javafx.event.EventUtil.fireEventImpl(EventUtil.java:74)
	at com.sun.javafx.event.EventUtil.fireEvent(EventUtil.java:54)
	at javafx.event.Event.fireEvent(Event.java:198)
	at javafx.scene.Scene$MouseHandler.process(Scene.java:3757)
	at javafx.scene.Scene$MouseHandler.access$1500(Scene.java:3485)
	at javafx.scene.Scene.impl_processMouseEvent(Scene.java:1762)
	at javafx.scene.Scene$ScenePeerListener.mouseEvent(Scene.java:2494)
	at com.sun.javafx.tk.quantum.GlassViewEventHandler$MouseEventNotification.run(GlassViewEventHandler.java:381)
	at com.sun.javafx.tk.quantum.GlassViewEventHandler$MouseEventNotification.run(GlassViewEventHandler.java:295)
	at java.security.AccessController.doPrivileged(Native Method)
	at com.sun.javafx.tk.quantum.GlassViewEventHandler.lambda$handleMouseEvent$354(GlassViewEventHandler.java:417)
	at com.sun.javafx.tk.quantum.QuantumToolkit.runWithoutRenderLock(QuantumToolkit.java:389)
	at com.sun.javafx.tk.quantum.GlassViewEventHandler.handleMouseEvent(GlassViewEventHandler.java:416)
	at com.sun.glass.ui.View.handleMouseEvent(View.java:555)
	at com.sun.glass.ui.View.notifyMouse(View.java:937)
	at com.sun.glass.ui.win.WinApplication._runLoop(Native Method)
	at com.sun.glass.ui.win.WinApplication.lambda$null$148(WinApplication.java:191)
	at java.lang.Thread.run(Thread.java:748)
2019-02-26 11:39:23 ERROR Controller:39 - Error while connection: 
model.POP3ConnectionException: Cannot connect to server
	at controller.Controller.connect(Controller.java:39)
	at view.MainWindow.lambda$new$3(MainWindow.java:155)
	at com.sun.javafx.event.CompositeEventHandler.dispatchBubblingEvent(CompositeEventHandler.java:86)
	at com.sun.javafx.event.EventHandlerManager.dispatchBubblingEvent(EventHandlerManager.java:238)
	at com.sun.javafx.event.EventHandlerManager.dispatchBubblingEvent(EventHandlerManager.java:191)
	at com.sun.javafx.event.CompositeEventDispatcher.dispatchBubblingEvent(CompositeEventDispatcher.java:59)
	at com.sun.javafx.event.BasicEventDispatcher.dispatchEvent(BasicEventDispatcher.java:58)
	at com.sun.javafx.event.EventDispatchChainImpl.dispatchEvent(EventDispatchChainImpl.java:114)
	at com.sun.javafx.event.BasicEventDispatcher.dispatchEvent(BasicEventDispatcher.java:56)
	at com.sun.javafx.event.EventDispatchChainImpl.dispatchEvent(EventDispatchChainImpl.java:114)
	at com.sun.javafx.event.BasicEventDispatcher.dispatchEvent(BasicEventDispatcher.java:56)
	at com.sun.javafx.event.EventDispatchChainImpl.dispatchEvent(EventDispatchChainImpl.java:114)
	at com.sun.javafx.event.EventUtil.fireEventImpl(EventUtil.java:74)
	at com.sun.javafx.event.EventUtil.fireEvent(EventUtil.java:49)
	at javafx.event.Event.fireEvent(Event.java:198)
	at javafx.scene.Node.fireEvent(Node.java:8413)
	at javafx.scene.control.ToggleButton.fire(ToggleButton.java:256)
	at javafx.scene.control.RadioButton.fire(RadioButton.java:113)
	at com.sun.javafx.scene.control.behavior.ButtonBehavior.mouseReleased(ButtonBehavior.java:182)
	at com.sun.javafx.scene.control.skin.BehaviorSkinBase$1.handle(BehaviorSkinBase.java:96)
	at com.sun.javafx.scene.control.skin.BehaviorSkinBase$1.handle(BehaviorSkinBase.java:89)
	at com.sun.javafx.event.CompositeEventHandler$NormalEventHandlerRecord.handleBubblingEvent(CompositeEventHandler.java:218)
	at com.sun.javafx.event.CompositeEventHandler.dispatchBubblingEvent(CompositeEventHandler.java:80)
	at com.sun.javafx.event.EventHandlerManager.dispatchBubblingEvent(EventHandlerManager.java:238)
	at com.sun.javafx.event.EventHandlerManager.dispatchBubblingEvent(EventHandlerManager.java:191)
	at com.sun.javafx.event.CompositeEventDispatcher.dispatchBubblingEvent(CompositeEventDispatcher.java:59)
	at com.sun.javafx.event.BasicEventDispatcher.dispatchEvent(BasicEventDispatcher.java:58)
	at com.sun.javafx.event.EventDispatchChainImpl.dispatchEvent(EventDispatchChainImpl.java:114)
	at com.sun.javafx.event.BasicEventDispatcher.dispatchEvent(BasicEventDispatcher.java:56)
	at com.sun.javafx.event.EventDispatchChainImpl.dispatchEvent(EventDispatchChainImpl.java:114)
	at com.sun.javafx.event.BasicEventDispatcher.dispatchEvent(BasicEventDispatcher.java:56)
	at com.sun.javafx.event.EventDispatchChainImpl.dispatchEvent(EventDispatchChainImpl.java:114)
	at com.sun.javafx.event.EventUtil.fireEventImpl(EventUtil.java:74)
	at com.sun.javafx.event.EventUtil.fireEvent(EventUtil.java:54)
	at javafx.event.Event.fireEvent(Event.java:198)
	at javafx.scene.Scene$MouseHandler.process(Scene.java:3757)
	at javafx.scene.Scene$MouseHandler.access$1500(Scene.java:3485)
	at javafx.scene.Scene.impl_processMouseEvent(Scene.java:1762)
	at javafx.scene.Scene$ScenePeerListener.mouseEvent(Scene.java:2494)
	at com.sun.javafx.tk.quantum.GlassViewEventHandler$MouseEventNotification.run(GlassViewEventHandler.java:381)
	at com.sun.javafx.tk.quantum.GlassViewEventHandler$MouseEventNotification.run(GlassViewEventHandler.java:295)
	at java.security.AccessController.doPrivileged(Native Method)
	at com.sun.javafx.tk.quantum.GlassViewEventHandler.lambda$handleMouseEvent$354(GlassViewEventHandler.java:417)
	at com.sun.javafx.tk.quantum.QuantumToolkit.runWithoutRenderLock(QuantumToolkit.java:389)
	at com.sun.javafx.tk.quantum.GlassViewEventHandler.handleMouseEvent(GlassViewEventHandler.java:416)
	at com.sun.glass.ui.View.handleMouseEvent(View.java:555)
	at com.sun.glass.ui.View.notifyMouse(View.java:937)
	at com.sun.glass.ui.win.WinApplication._runLoop(Native Method)
	at com.sun.glass.ui.win.WinApplication.lambda$null$148(WinApplication.java:191)
	at java.lang.Thread.run(Thread.java:748)
2019-02-26 12:11:10 INFO  Controller:32 - CONNECTED
2019-02-26 12:24:01 INFO  Controller:32 - CONNECTED
2019-02-26 12:27:14 INFO  Controller:32 - CONNECTED
2019-02-26 12:27:57 INFO  Controller:32 - CONNECTED
2019-02-26 12:32:13 INFO  Controller:32 - CONNECTED
2019-02-26 12:46:46 INFO  Controller:32 - CONNECTED
2019-02-26 12:47:14 INFO  Controller:32 - CONNECTED
2019-02-26 12:55:23 ERROR Controller:39 - Error while connection: 
model.POP3ConnectionException: Cannot connect to server
	at controller.Controller.connect(Controller.java:39)
	at view.MainWindow.lambda$new$3(MainWindow.java:157)
	at com.sun.javafx.event.CompositeEventHandler.dispatchBubblingEvent(CompositeEventHandler.java:86)
	at com.sun.javafx.event.EventHandlerManager.dispatchBubblingEvent(EventHandlerManager.java:238)
	at com.sun.javafx.event.EventHandlerManager.dispatchBubblingEvent(EventHandlerManager.java:191)
	at com.sun.javafx.event.CompositeEventDispatcher.dispatchBubblingEvent(CompositeEventDispatcher.java:59)
	at com.sun.javafx.event.BasicEventDispatcher.dispatchEvent(BasicEventDispatcher.java:58)
	at com.sun.javafx.event.EventDispatchChainImpl.dispatchEvent(EventDispatchChainImpl.java:114)
	at com.sun.javafx.event.BasicEventDispatcher.dispatchEvent(BasicEventDispatcher.java:56)
	at com.sun.javafx.event.EventDispatchChainImpl.dispatchEvent(EventDispatchChainImpl.java:114)
	at com.sun.javafx.event.BasicEventDispatcher.dispatchEvent(BasicEventDispatcher.java:56)
	at com.sun.javafx.event.EventDispatchChainImpl.dispatchEvent(EventDispatchChainImpl.java:114)
	at com.sun.javafx.event.EventUtil.fireEventImpl(EventUtil.java:74)
	at com.sun.javafx.event.EventUtil.fireEvent(EventUtil.java:49)
	at javafx.event.Event.fireEvent(Event.java:198)
	at javafx.scene.Node.fireEvent(Node.java:8413)
	at javafx.scene.control.ToggleButton.fire(ToggleButton.java:256)
	at javafx.scene.control.RadioButton.fire(RadioButton.java:113)
	at com.sun.javafx.scene.control.behavior.ButtonBehavior.mouseReleased(ButtonBehavior.java:182)
	at com.sun.javafx.scene.control.skin.BehaviorSkinBase$1.handle(BehaviorSkinBase.java:96)
	at com.sun.javafx.scene.control.skin.BehaviorSkinBase$1.handle(BehaviorSkinBase.java:89)
	at com.sun.javafx.event.CompositeEventHandler$NormalEventHandlerRecord.handleBubblingEvent(CompositeEventHandler.java:218)
	at com.sun.javafx.event.CompositeEventHandler.dispatchBubblingEvent(CompositeEventHandler.java:80)
	at com.sun.javafx.event.EventHandlerManager.dispatchBubblingEvent(EventHandlerManager.java:238)
	at com.sun.javafx.event.EventHandlerManager.dispatchBubblingEvent(EventHandlerManager.java:191)
	at com.sun.javafx.event.CompositeEventDispatcher.dispatchBubblingEvent(CompositeEventDispatcher.java:59)
	at com.sun.javafx.event.BasicEventDispatcher.dispatchEvent(BasicEventDispatcher.java:58)
	at com.sun.javafx.event.EventDispatchChainImpl.dispatchEvent(EventDispatchChainImpl.java:114)
	at com.sun.javafx.event.BasicEventDispatcher.dispatchEvent(BasicEventDispatcher.java:56)
	at com.sun.javafx.event.EventDispatchChainImpl.dispatchEvent(EventDispatchChainImpl.java:114)
	at com.sun.javafx.event.BasicEventDispatcher.dispatchEvent(BasicEventDispatcher.java:56)
	at com.sun.javafx.event.EventDispatchChainImpl.dispatchEvent(EventDispatchChainImpl.java:114)
	at com.sun.javafx.event.EventUtil.fireEventImpl(EventUtil.java:74)
	at com.sun.javafx.event.EventUtil.fireEvent(EventUtil.java:54)
	at javafx.event.Event.fireEvent(Event.java:198)
	at javafx.scene.Scene$MouseHandler.process(Scene.java:3757)
	at javafx.scene.Scene$MouseHandler.access$1500(Scene.java:3485)
	at javafx.scene.Scene.impl_processMouseEvent(Scene.java:1762)
	at javafx.scene.Scene$ScenePeerListener.mouseEvent(Scene.java:2494)
	at com.sun.javafx.tk.quantum.GlassViewEventHandler$MouseEventNotification.run(GlassViewEventHandler.java:381)
	at com.sun.javafx.tk.quantum.GlassViewEventHandler$MouseEventNotification.run(GlassViewEventHandler.java:295)
	at java.security.AccessController.doPrivileged(Native Method)
	at com.sun.javafx.tk.quantum.GlassViewEventHandler.lambda$handleMouseEvent$354(GlassViewEventHandler.java:417)
	at com.sun.javafx.tk.quantum.QuantumToolkit.runWithoutRenderLock(QuantumToolkit.java:389)
	at com.sun.javafx.tk.quantum.GlassViewEventHandler.handleMouseEvent(GlassViewEventHandler.java:416)
	at com.sun.glass.ui.View.handleMouseEvent(View.java:555)
	at com.sun.glass.ui.View.notifyMouse(View.java:937)
	at com.sun.glass.ui.win.WinApplication._runLoop(Native Method)
	at com.sun.glass.ui.win.WinApplication.lambda$null$148(WinApplication.java:191)
	at java.lang.Thread.run(Thread.java:748)
2019-02-26 12:56:51 INFO  Controller:32 - CONNECTED
2019-02-26 15:06:21 INFO  Controller:32 - CONNECTED
2019-02-26 15:07:03 INFO  Controller:32 - CONNECTED
2019-02-26 15:20:15 INFO  Controller:32 - CONNECTED
2019-02-26 15:35:38 INFO  Controller:32 - CONNECTED
2019-02-26 15:44:53 INFO  Controller:32 - CONNECTED
2019-02-26 15:50:59 INFO  Controller:32 - CONNECTED
2019-02-26 15:58:58 INFO  Controller:32 - CONNECTED
2019-02-26 16:02:34 INFO  Controller:32 - CONNECTED
2019-02-26 16:08:51 INFO  Controller:32 - CONNECTED
2019-02-26 22:49:12 INFO  Controller:32 - CONNECTED
2019-02-26 23:25:51 INFO  Controller:32 - CONNECTED
2019-02-27 21:36:27 INFO  Controller:32 - CONNECTED
2019-02-27 21:51:21 INFO  Controller:32 - CONNECTED
2019-02-27 22:00:39 INFO  Controller:32 - CONNECTED
2019-02-27 22:10:45 INFO  Controller:32 - CONNECTED
2019-02-27 22:11:04 WARN  MimeEntity:305 - Unexpected end of headers detected. Higher level boundary detected or EOF reached.
2019-02-27 22:11:04 WARN  MimeEntity:305 - Invalid header encountered
2019-02-27 22:12:59 INFO  Controller:32 - CONNECTED
2019-02-27 22:13:21 WARN  MimeEntity:305 - Unexpected end of headers detected. Higher level boundary detected or EOF reached.
2019-02-27 22:13:21 WARN  MimeEntity:305 - Invalid header encountered
2019-02-27 22:15:42 INFO  Controller:32 - CONNECTED
2019-02-27 22:16:00 WARN  MimeEntity:305 - Unexpected end of headers detected. Higher level boundary detected or EOF reached.
2019-02-27 22:16:00 WARN  MimeEntity:305 - Invalid header encountered
2019-02-27 22:16:28 INFO  Controller:32 - CONNECTED
2019-02-27 22:16:46 WARN  MimeEntity:305 - Unexpected end of headers detected. Higher level boundary detected or EOF reached.
2019-02-27 22:16:46 WARN  MimeEntity:305 - Invalid header encountered
2019-02-27 22:31:38 INFO  Controller:32 - CONNECTED
2019-02-27 22:35:18 INFO  Controller:32 - CONNECTED
2019-02-27 22:39:22 INFO  Controller:32 - CONNECTED
2019-02-28 09:47:55 ERROR Controller:39 - Error while connection: 
model.POP3ConnectionException: Cannot connect to server
	at controller.Controller.connect(Controller.java:39)
	at view.MainWindow.lambda$new$3(MainWindow.java:157)
	at com.sun.javafx.event.CompositeEventHandler.dispatchBubblingEvent(CompositeEventHandler.java:86)
	at com.sun.javafx.event.EventHandlerManager.dispatchBubblingEvent(EventHandlerManager.java:238)
	at com.sun.javafx.event.EventHandlerManager.dispatchBubblingEvent(EventHandlerManager.java:191)
	at com.sun.javafx.event.CompositeEventDispatcher.dispatchBubblingEvent(CompositeEventDispatcher.java:59)
	at com.sun.javafx.event.BasicEventDispatcher.dispatchEvent(BasicEventDispatcher.java:58)
	at com.sun.javafx.event.EventDispatchChainImpl.dispatchEvent(EventDispatchChainImpl.java:114)
	at com.sun.javafx.event.BasicEventDispatcher.dispatchEvent(BasicEventDispatcher.java:56)
	at com.sun.javafx.event.EventDispatchChainImpl.dispatchEvent(EventDispatchChainImpl.java:114)
	at com.sun.javafx.event.BasicEventDispatcher.dispatchEvent(BasicEventDispatcher.java:56)
	at com.sun.javafx.event.EventDispatchChainImpl.dispatchEvent(EventDispatchChainImpl.java:114)
	at com.sun.javafx.event.EventUtil.fireEventImpl(EventUtil.java:74)
	at com.sun.javafx.event.EventUtil.fireEvent(EventUtil.java:49)
	at javafx.event.Event.fireEvent(Event.java:198)
	at javafx.scene.Node.fireEvent(Node.java:8413)
	at javafx.scene.control.ToggleButton.fire(ToggleButton.java:256)
	at javafx.scene.control.RadioButton.fire(RadioButton.java:113)
	at com.sun.javafx.scene.control.behavior.ButtonBehavior.mouseReleased(ButtonBehavior.java:182)
	at com.sun.javafx.scene.control.skin.BehaviorSkinBase$1.handle(BehaviorSkinBase.java:96)
	at com.sun.javafx.scene.control.skin.BehaviorSkinBase$1.handle(BehaviorSkinBase.java:89)
	at com.sun.javafx.event.CompositeEventHandler$NormalEventHandlerRecord.handleBubblingEvent(CompositeEventHandler.java:218)
	at com.sun.javafx.event.CompositeEventHandler.dispatchBubblingEvent(CompositeEventHandler.java:80)
	at com.sun.javafx.event.EventHandlerManager.dispatchBubblingEvent(EventHandlerManager.java:238)
	at com.sun.javafx.event.EventHandlerManager.dispatchBubblingEvent(EventHandlerManager.java:191)
	at com.sun.javafx.event.CompositeEventDispatcher.dispatchBubblingEvent(CompositeEventDispatcher.java:59)
	at com.sun.javafx.event.BasicEventDispatcher.dispatchEvent(BasicEventDispatcher.java:58)
	at com.sun.javafx.event.EventDispatchChainImpl.dispatchEvent(EventDispatchChainImpl.java:114)
	at com.sun.javafx.event.BasicEventDispatcher.dispatchEvent(BasicEventDispatcher.java:56)
	at com.sun.javafx.event.EventDispatchChainImpl.dispatchEvent(EventDispatchChainImpl.java:114)
	at com.sun.javafx.event.BasicEventDispatcher.dispatchEvent(BasicEventDispatcher.java:56)
	at com.sun.javafx.event.EventDispatchChainImpl.dispatchEvent(EventDispatchChainImpl.java:114)
	at com.sun.javafx.event.EventUtil.fireEventImpl(EventUtil.java:74)
	at com.sun.javafx.event.EventUtil.fireEvent(EventUtil.java:54)
	at javafx.event.Event.fireEvent(Event.java:198)
	at javafx.scene.Scene$MouseHandler.process(Scene.java:3757)
	at javafx.scene.Scene$MouseHandler.access$1500(Scene.java:3485)
	at javafx.scene.Scene.impl_processMouseEvent(Scene.java:1762)
	at javafx.scene.Scene$ScenePeerListener.mouseEvent(Scene.java:2494)
	at com.sun.javafx.tk.quantum.GlassViewEventHandler$MouseEventNotification.run(GlassViewEventHandler.java:381)
	at com.sun.javafx.tk.quantum.GlassViewEventHandler$MouseEventNotification.run(GlassViewEventHandler.java:295)
	at java.security.AccessController.doPrivileged(Native Method)
	at com.sun.javafx.tk.quantum.GlassViewEventHandler.lambda$handleMouseEvent$354(GlassViewEventHandler.java:417)
	at com.sun.javafx.tk.quantum.QuantumToolkit.runWithoutRenderLock(QuantumToolkit.java:389)
	at com.sun.javafx.tk.quantum.GlassViewEventHandler.handleMouseEvent(GlassViewEventHandler.java:416)
	at com.sun.glass.ui.View.handleMouseEvent(View.java:555)
	at com.sun.glass.ui.View.notifyMouse(View.java:937)
	at com.sun.glass.ui.win.WinApplication._runLoop(Native Method)
	at com.sun.glass.ui.win.WinApplication.lambda$null$148(WinApplication.java:191)
	at java.lang.Thread.run(Thread.java:748)
2019-02-28 09:48:31 INFO  Controller:32 - CONNECTED
2019-02-28 09:52:14 WARN  MimeEntity:305 - Unexpected end of headers detected. Higher level boundary detected or EOF reached.
2019-02-28 09:52:14 WARN  MimeEntity:305 - Invalid header encountered
2019-02-28 09:54:28 INFO  Controller:32 - CONNECTED
2019-02-28 09:57:54 WARN  MimeEntity:305 - Unexpected end of headers detected. Higher level boundary detected or EOF reached.
2019-02-28 09:57:54 WARN  MimeEntity:305 - Invalid header encountered
2019-02-28 10:57:55 INFO  Controller:32 - CONNECTED
2019-02-28 11:01:29 WARN  MimeEntity:305 - Unexpected end of headers detected. Higher level boundary detected or EOF reached.
2019-02-28 11:01:29 WARN  MimeEntity:305 - Invalid header encountered
2019-02-28 11:02:44 INFO  Controller:32 - CONNECTED
2019-02-28 12:00:36 INFO  Controller:32 - CONNECTED
2019-02-28 12:00:56 WARN  MimeEntity:305 - Unexpected end of headers detected. Higher level boundary detected or EOF reached.
2019-02-28 12:00:56 WARN  MimeEntity:305 - Invalid header encountered
2019-02-28 12:01:19 INFO  Controller:32 - CONNECTED
2019-02-28 12:01:40 WARN  MimeEntity:305 - Unexpected end of headers detected. Higher level boundary detected or EOF reached.
2019-02-28 12:01:40 WARN  MimeEntity:305 - Invalid header encountered
2019-02-28 16:35:34 INFO  Controller:32 - CONNECTED
2019-02-28 16:35:56 WARN  MimeEntity:305 - Unexpected end of headers detected. Higher level boundary detected or EOF reached.
2019-02-28 16:35:56 WARN  MimeEntity:305 - Invalid header encountered
2019-02-28 16:58:23 INFO  Controller:32 - CONNECTED
2019-02-28 16:58:50 WARN  MimeEntity:305 - Unexpected end of headers detected. Higher level boundary detected or EOF reached.
2019-02-28 16:58:50 WARN  MimeEntity:305 - Invalid header encountered
2019-02-28 17:00:04 INFO  Controller:32 - CONNECTED
2019-02-28 17:05:51 INFO  Controller:32 - CONNECTED
2019-02-28 17:09:33 INFO  Controller:32 - CONNECTED
2019-02-28 17:20:38 INFO  Controller:32 - CONNECTED
2019-02-28 18:25:13 INFO  Controller:32 - CONNECTED
2019-02-28 19:01:17 INFO  Controller:32 - CONNECTED
2019-02-28 19:06:24 INFO  Controller:32 - CONNECTED
2019-02-28 19:13:49 INFO  Controller:32 - CONNECTED
2019-02-28 19:40:09 INFO  Controller:32 - CONNECTED
2019-02-28 19:46:13 INFO  Controller:32 - CONNECTED
2019-02-28 19:51:35 INFO  Controller:32 - CONNECTED
2019-02-28 20:01:54 INFO  Controller:32 - CONNECTED
2019-02-28 20:13:34 INFO  Controller:32 - CONNECTED
2019-02-28 21:09:54 INFO  Controller:32 - CONNECTED
2019-02-28 22:06:12 INFO  Controller:32 - CONNECTED
2019-02-28 22:21:23 INFO  Controller:32 - CONNECTED
2019-02-28 22:21:50 WARN  MimeEntity:305 - Invalid header encountered
2019-02-28 22:51:05 INFO  Controller:32 - CONNECTED
2019-02-28 22:51:35 WARN  MimeEntity:305 - Invalid header encountered
2019-03-01 01:20:44 ERROR Controller:39 - Error while connection: 
model.POP3ConnectionException: Cannot connect to server
	at controller.Controller.connect(Controller.java:39)
	at view.MainWindow.lambda$new$3(MainWindow.java:157)
	at com.sun.javafx.event.CompositeEventHandler.dispatchBubblingEvent(CompositeEventHandler.java:86)
	at com.sun.javafx.event.EventHandlerManager.dispatchBubblingEvent(EventHandlerManager.java:238)
	at com.sun.javafx.event.EventHandlerManager.dispatchBubblingEvent(EventHandlerManager.java:191)
	at com.sun.javafx.event.CompositeEventDispatcher.dispatchBubblingEvent(CompositeEventDispatcher.java:59)
	at com.sun.javafx.event.BasicEventDispatcher.dispatchEvent(BasicEventDispatcher.java:58)
	at com.sun.javafx.event.EventDispatchChainImpl.dispatchEvent(EventDispatchChainImpl.java:114)
	at com.sun.javafx.event.BasicEventDispatcher.dispatchEvent(BasicEventDispatcher.java:56)
	at com.sun.javafx.event.EventDispatchChainImpl.dispatchEvent(EventDispatchChainImpl.java:114)
	at com.sun.javafx.event.BasicEventDispatcher.dispatchEvent(BasicEventDispatcher.java:56)
	at com.sun.javafx.event.EventDispatchChainImpl.dispatchEvent(EventDispatchChainImpl.java:114)
	at com.sun.javafx.event.EventUtil.fireEventImpl(EventUtil.java:74)
	at com.sun.javafx.event.EventUtil.fireEvent(EventUtil.java:49)
	at javafx.event.Event.fireEvent(Event.java:198)
	at javafx.scene.Node.fireEvent(Node.java:8413)
	at javafx.scene.control.ToggleButton.fire(ToggleButton.java:256)
	at javafx.scene.control.RadioButton.fire(RadioButton.java:113)
	at com.sun.javafx.scene.control.behavior.ButtonBehavior.mouseReleased(ButtonBehavior.java:182)
	at com.sun.javafx.scene.control.skin.BehaviorSkinBase$1.handle(BehaviorSkinBase.java:96)
	at com.sun.javafx.scene.control.skin.BehaviorSkinBase$1.handle(BehaviorSkinBase.java:89)
	at com.sun.javafx.event.CompositeEventHandler$NormalEventHandlerRecord.handleBubblingEvent(CompositeEventHandler.java:218)
	at com.sun.javafx.event.CompositeEventHandler.dispatchBubblingEvent(CompositeEventHandler.java:80)
	at com.sun.javafx.event.EventHandlerManager.dispatchBubblingEvent(EventHandlerManager.java:238)
	at com.sun.javafx.event.EventHandlerManager.dispatchBubblingEvent(EventHandlerManager.java:191)
	at com.sun.javafx.event.CompositeEventDispatcher.dispatchBubblingEvent(CompositeEventDispatcher.java:59)
	at com.sun.javafx.event.BasicEventDispatcher.dispatchEvent(BasicEventDispatcher.java:58)
	at com.sun.javafx.event.EventDispatchChainImpl.dispatchEvent(EventDispatchChainImpl.java:114)
	at com.sun.javafx.event.BasicEventDispatcher.dispatchEvent(BasicEventDispatcher.java:56)
	at com.sun.javafx.event.EventDispatchChainImpl.dispatchEvent(EventDispatchChainImpl.java:114)
	at com.sun.javafx.event.BasicEventDispatcher.dispatchEvent(BasicEventDispatcher.java:56)
	at com.sun.javafx.event.EventDispatchChainImpl.dispatchEvent(EventDispatchChainImpl.java:114)
	at com.sun.javafx.event.EventUtil.fireEventImpl(EventUtil.java:74)
	at com.sun.javafx.event.EventUtil.fireEvent(EventUtil.java:54)
	at javafx.event.Event.fireEvent(Event.java:198)
	at javafx.scene.Scene$MouseHandler.process(Scene.java:3757)
	at javafx.scene.Scene$MouseHandler.access$1500(Scene.java:3485)
	at javafx.scene.Scene.impl_processMouseEvent(Scene.java:1762)
	at javafx.scene.Scene$ScenePeerListener.mouseEvent(Scene.java:2494)
	at com.sun.javafx.tk.quantum.GlassViewEventHandler$MouseEventNotification.run(GlassViewEventHandler.java:381)
	at com.sun.javafx.tk.quantum.GlassViewEventHandler$MouseEventNotification.run(GlassViewEventHandler.java:295)
	at java.security.AccessController.doPrivileged(Native Method)
	at com.sun.javafx.tk.quantum.GlassViewEventHandler.lambda$handleMouseEvent$354(GlassViewEventHandler.java:417)
	at com.sun.javafx.tk.quantum.QuantumToolkit.runWithoutRenderLock(QuantumToolkit.java:389)
	at com.sun.javafx.tk.quantum.GlassViewEventHandler.handleMouseEvent(GlassViewEventHandler.java:416)
	at com.sun.glass.ui.View.handleMouseEvent(View.java:555)
	at com.sun.glass.ui.View.notifyMouse(View.java:937)
	at com.sun.glass.ui.win.WinApplication._runLoop(Native Method)
	at com.sun.glass.ui.win.WinApplication.lambda$null$148(WinApplication.java:191)
	at java.lang.Thread.run(Thread.java:748)
2019-03-01 01:22:03 ERROR Controller:39 - Error while connection: 
model.POP3ConnectionException: Cannot connect to server
	at controller.Controller.connect(Controller.java:39)
	at view.MainWindow.lambda$new$3(MainWindow.java:157)
	at com.sun.javafx.event.CompositeEventHandler.dispatchBubblingEvent(CompositeEventHandler.java:86)
	at com.sun.javafx.event.EventHandlerManager.dispatchBubblingEvent(EventHandlerManager.java:238)
	at com.sun.javafx.event.EventHandlerManager.dispatchBubblingEvent(EventHandlerManager.java:191)
	at com.sun.javafx.event.CompositeEventDispatcher.dispatchBubblingEvent(CompositeEventDispatcher.java:59)
	at com.sun.javafx.event.BasicEventDispatcher.dispatchEvent(BasicEventDispatcher.java:58)
	at com.sun.javafx.event.EventDispatchChainImpl.dispatchEvent(EventDispatchChainImpl.java:114)
	at com.sun.javafx.event.BasicEventDispatcher.dispatchEvent(BasicEventDispatcher.java:56)
	at com.sun.javafx.event.EventDispatchChainImpl.dispatchEvent(EventDispatchChainImpl.java:114)
	at com.sun.javafx.event.BasicEventDispatcher.dispatchEvent(BasicEventDispatcher.java:56)
	at com.sun.javafx.event.EventDispatchChainImpl.dispatchEvent(EventDispatchChainImpl.java:114)
	at com.sun.javafx.event.EventUtil.fireEventImpl(EventUtil.java:74)
	at com.sun.javafx.event.EventUtil.fireEvent(EventUtil.java:49)
	at javafx.event.Event.fireEvent(Event.java:198)
	at javafx.scene.Node.fireEvent(Node.java:8413)
	at javafx.scene.control.ToggleButton.fire(ToggleButton.java:256)
	at javafx.scene.control.RadioButton.fire(RadioButton.java:113)
	at com.sun.javafx.scene.control.behavior.ButtonBehavior.mouseReleased(ButtonBehavior.java:182)
	at com.sun.javafx.scene.control.skin.BehaviorSkinBase$1.handle(BehaviorSkinBase.java:96)
	at com.sun.javafx.scene.control.skin.BehaviorSkinBase$1.handle(BehaviorSkinBase.java:89)
	at com.sun.javafx.event.CompositeEventHandler$NormalEventHandlerRecord.handleBubblingEvent(CompositeEventHandler.java:218)
	at com.sun.javafx.event.CompositeEventHandler.dispatchBubblingEvent(CompositeEventHandler.java:80)
	at com.sun.javafx.event.EventHandlerManager.dispatchBubblingEvent(EventHandlerManager.java:238)
	at com.sun.javafx.event.EventHandlerManager.dispatchBubblingEvent(EventHandlerManager.java:191)
	at com.sun.javafx.event.CompositeEventDispatcher.dispatchBubblingEvent(CompositeEventDispatcher.java:59)
	at com.sun.javafx.event.BasicEventDispatcher.dispatchEvent(BasicEventDispatcher.java:58)
	at com.sun.javafx.event.EventDispatchChainImpl.dispatchEvent(EventDispatchChainImpl.java:114)
	at com.sun.javafx.event.BasicEventDispatcher.dispatchEvent(BasicEventDispatcher.java:56)
	at com.sun.javafx.event.EventDispatchChainImpl.dispatchEvent(EventDispatchChainImpl.java:114)
	at com.sun.javafx.event.BasicEventDispatcher.dispatchEvent(BasicEventDispatcher.java:56)
	at com.sun.javafx.event.EventDispatchChainImpl.dispatchEvent(EventDispatchChainImpl.java:114)
	at com.sun.javafx.event.EventUtil.fireEventImpl(EventUtil.java:74)
	at com.sun.javafx.event.EventUtil.fireEvent(EventUtil.java:54)
	at javafx.event.Event.fireEvent(Event.java:198)
	at javafx.scene.Scene$MouseHandler.process(Scene.java:3757)
	at javafx.scene.Scene$MouseHandler.access$1500(Scene.java:3485)
	at javafx.scene.Scene.impl_processMouseEvent(Scene.java:1762)
	at javafx.scene.Scene$ScenePeerListener.mouseEvent(Scene.java:2494)
	at com.sun.javafx.tk.quantum.GlassViewEventHandler$MouseEventNotification.run(GlassViewEventHandler.java:381)
	at com.sun.javafx.tk.quantum.GlassViewEventHandler$MouseEventNotification.run(GlassViewEventHandler.java:295)
	at java.security.AccessController.doPrivileged(Native Method)
	at com.sun.javafx.tk.quantum.GlassViewEventHandler.lambda$handleMouseEvent$354(GlassViewEventHandler.java:417)
	at com.sun.javafx.tk.quantum.QuantumToolkit.runWithoutRenderLock(QuantumToolkit.java:389)
	at com.sun.javafx.tk.quantum.GlassViewEventHandler.handleMouseEvent(GlassViewEventHandler.java:416)
	at com.sun.glass.ui.View.handleMouseEvent(View.java:555)
	at com.sun.glass.ui.View.notifyMouse(View.java:937)
	at com.sun.glass.ui.win.WinApplication._runLoop(Native Method)
	at com.sun.glass.ui.win.WinApplication.lambda$null$148(WinApplication.java:191)
	at java.lang.Thread.run(Thread.java:748)
2019-03-01 01:22:16 INFO  Controller:32 - CONNECTED
2019-03-01 01:23:59 INFO  Controller:32 - CONNECTED
2019-03-01 01:24:25 WARN  MimeEntity:305 - Invalid header encountered
2019-03-01 01:24:25 WARN  MimeEntity:305 - Unexpected end of headers detected. Higher level boundary detected or EOF reached.
2019-03-01 01:24:25 WARN  MimeEntity:305 - Body part ended prematurely. Boundary detected in header or EOF reached.
2019-03-01 01:24:51 INFO  Controller:32 - CONNECTED
2019-03-01 01:25:22 WARN  MimeEntity:305 - Invalid header encountered
2019-03-01 01:25:22 WARN  MimeEntity:305 - Body part ended prematurely. Boundary detected in header or EOF reached.
2019-03-01 01:26:21 WARN  MimeEntity:305 - Invalid header encountered
2019-03-01 01:26:21 WARN  MimeEntity:305 - Body part ended prematurely. Boundary detected in header or EOF reached.
2019-03-01 01:28:32 INFO  Controller:32 - CONNECTED
2019-03-01 01:32:15 INFO  Controller:32 - CONNECTED
2019-03-01 01:32:46 WARN  MimeEntity:305 - Invalid header encountered
2019-03-01 01:33:00 WARN  MimeEntity:305 - Invalid header encountered
2019-03-01 01:33:00 WARN  MimeEntity:305 - Body part ended prematurely. Boundary detected in header or EOF reached.
2019-03-01 02:27:17 ERROR Controller:39 - Error while connection: 
model.POP3ConnectionException: Cannot connect to server
	at controller.Controller.connect(Controller.java:39)
	at view.MainWindow.lambda$new$3(MainWindow.java:157)
	at com.sun.javafx.event.CompositeEventHandler.dispatchBubblingEvent(CompositeEventHandler.java:86)
	at com.sun.javafx.event.EventHandlerManager.dispatchBubblingEvent(EventHandlerManager.java:238)
	at com.sun.javafx.event.EventHandlerManager.dispatchBubblingEvent(EventHandlerManager.java:191)
	at com.sun.javafx.event.CompositeEventDispatcher.dispatchBubblingEvent(CompositeEventDispatcher.java:59)
	at com.sun.javafx.event.BasicEventDispatcher.dispatchEvent(BasicEventDispatcher.java:58)
	at com.sun.javafx.event.EventDispatchChainImpl.dispatchEvent(EventDispatchChainImpl.java:114)
	at com.sun.javafx.event.BasicEventDispatcher.dispatchEvent(BasicEventDispatcher.java:56)
	at com.sun.javafx.event.EventDispatchChainImpl.dispatchEvent(EventDispatchChainImpl.java:114)
	at com.sun.javafx.event.BasicEventDispatcher.dispatchEvent(BasicEventDispatcher.java:56)
	at com.sun.javafx.event.EventDispatchChainImpl.dispatchEvent(EventDispatchChainImpl.java:114)
	at com.sun.javafx.event.EventUtil.fireEventImpl(EventUtil.java:74)
	at com.sun.javafx.event.EventUtil.fireEvent(EventUtil.java:49)
	at javafx.event.Event.fireEvent(Event.java:198)
	at javafx.scene.Node.fireEvent(Node.java:8413)
	at javafx.scene.control.ToggleButton.fire(ToggleButton.java:256)
	at javafx.scene.control.RadioButton.fire(RadioButton.java:113)
	at com.sun.javafx.scene.control.behavior.ButtonBehavior.mouseReleased(ButtonBehavior.java:182)
	at com.sun.javafx.scene.control.skin.BehaviorSkinBase$1.handle(BehaviorSkinBase.java:96)
	at com.sun.javafx.scene.control.skin.BehaviorSkinBase$1.handle(BehaviorSkinBase.java:89)
	at com.sun.javafx.event.CompositeEventHandler$NormalEventHandlerRecord.handleBubblingEvent(CompositeEventHandler.java:218)
	at com.sun.javafx.event.CompositeEventHandler.dispatchBubblingEvent(CompositeEventHandler.java:80)
	at com.sun.javafx.event.EventHandlerManager.dispatchBubblingEvent(EventHandlerManager.java:238)
	at com.sun.javafx.event.EventHandlerManager.dispatchBubblingEvent(EventHandlerManager.java:191)
	at com.sun.javafx.event.CompositeEventDispatcher.dispatchBubblingEvent(CompositeEventDispatcher.java:59)
	at com.sun.javafx.event.BasicEventDispatcher.dispatchEvent(BasicEventDispatcher.java:58)
	at com.sun.javafx.event.EventDispatchChainImpl.dispatchEvent(EventDispatchChainImpl.java:114)
	at com.sun.javafx.event.BasicEventDispatcher.dispatchEvent(BasicEventDispatcher.java:56)
	at com.sun.javafx.event.EventDispatchChainImpl.dispatchEvent(EventDispatchChainImpl.java:114)
	at com.sun.javafx.event.BasicEventDispatcher.dispatchEvent(BasicEventDispatcher.java:56)
	at com.sun.javafx.event.EventDispatchChainImpl.dispatchEvent(EventDispatchChainImpl.java:114)
	at com.sun.javafx.event.EventUtil.fireEventImpl(EventUtil.java:74)
	at com.sun.javafx.event.EventUtil.fireEvent(EventUtil.java:54)
	at javafx.event.Event.fireEvent(Event.java:198)
	at javafx.scene.Scene$MouseHandler.process(Scene.java:3757)
	at javafx.scene.Scene$MouseHandler.access$1500(Scene.java:3485)
	at javafx.scene.Scene.impl_processMouseEvent(Scene.java:1762)
	at javafx.scene.Scene$ScenePeerListener.mouseEvent(Scene.java:2494)
	at com.sun.javafx.tk.quantum.GlassViewEventHandler$MouseEventNotification.run(GlassViewEventHandler.java:381)
	at com.sun.javafx.tk.quantum.GlassViewEventHandler$MouseEventNotification.run(GlassViewEventHandler.java:295)
	at java.security.AccessController.doPrivileged(Native Method)
	at com.sun.javafx.tk.quantum.GlassViewEventHandler.lambda$handleMouseEvent$354(GlassViewEventHandler.java:417)
	at com.sun.javafx.tk.quantum.QuantumToolkit.runWithoutRenderLock(QuantumToolkit.java:389)
	at com.sun.javafx.tk.quantum.GlassViewEventHandler.handleMouseEvent(GlassViewEventHandler.java:416)
	at com.sun.glass.ui.View.handleMouseEvent(View.java:555)
	at com.sun.glass.ui.View.notifyMouse(View.java:937)
	at com.sun.glass.ui.win.WinApplication._runLoop(Native Method)
	at com.sun.glass.ui.win.WinApplication.lambda$null$148(WinApplication.java:191)
	at java.lang.Thread.run(Thread.java:748)
2019-03-01 02:27:26 INFO  Controller:32 - CONNECTED
2019-03-01 02:28:29 WARN  MimeEntity:305 - Invalid header encountered
2019-03-01 02:28:29 WARN  MimeEntity:305 - Unexpected end of headers detected. Higher level boundary detected or EOF reached.
2019-03-01 02:28:29 WARN  MimeEntity:305 - Unexpected end of headers detected. Higher level boundary detected or EOF reached.
2019-03-01 02:28:29 WARN  MimeEntity:305 - Invalid header encountered
2019-03-01 02:28:29 WARN  MimeEntity:305 - Body part ended prematurely. Boundary detected in header or EOF reached.
2019-03-01 02:30:30 INFO  Controller:32 - CONNECTED
2019-03-01 02:31:45 WARN  MimeEntity:305 - Invalid header encountered
2019-03-01 02:31:45 WARN  MimeEntity:305 - Unexpected end of headers detected. Higher level boundary detected or EOF reached.
2019-03-01 02:31:45 WARN  MimeEntity:305 - Body part ended prematurely. Boundary detected in header or EOF reached.
2019-03-01 02:32:17 INFO  Controller:32 - CONNECTED
2019-03-01 02:32:55 WARN  MimeEntity:305 - Invalid header encountered
2019-03-01 02:32:55 WARN  MimeEntity:305 - Body part ended prematurely. Boundary detected in header or EOF reached.
2019-03-01 02:36:25 INFO  Controller:32 - CONNECTED
2019-03-01 02:56:57 INFO  Controller:32 - CONNECTED
2019-03-01 17:12:12 INFO  Controller:32 - CONNECTED
2019-03-01 17:12:28 WARN  MimeEntity:305 - Invalid header encountered
2019-03-01 17:12:28 WARN  MimeEntity:305 - Unexpected end of headers detected. Higher level boundary detected or EOF reached.
2019-03-01 17:12:28 WARN  MimeEntity:305 - Invalid header encountered
2019-03-01 17:12:28 WARN  MimeEntity:305 - Body part ended prematurely. Boundary detected in header or EOF reached.
2019-03-01 17:12:42 WARN  MimeEntity:305 - Invalid header encountered
2019-03-01 17:12:42 WARN  MimeEntity:305 - Invalid header encountered
2019-03-01 17:12:42 WARN  MimeEntity:305 - Body part ended prematurely. Boundary detected in header or EOF reached.
2019-03-01 17:13:00 WARN  MimeEntity:305 - Invalid header encountered
2019-03-01 17:13:00 WARN  MimeEntity:305 - Unexpected end of headers detected. Higher level boundary detected or EOF reached.
2019-03-01 17:13:00 WARN  MimeEntity:305 - Body part ended prematurely. Boundary detected in header or EOF reached.
2019-03-01 17:13:05 WARN  MimeEntity:305 - Invalid header encountered
2019-03-01 17:13:05 WARN  MimeEntity:305 - Unexpected end of headers detected. Higher level boundary detected or EOF reached.
2019-03-01 17:13:05 WARN  MimeEntity:305 - Body part ended prematurely. Boundary detected in header or EOF reached.
2019-03-01 17:13:09 WARN  MimeEntity:305 - Invalid header encountered
2019-03-01 17:13:09 WARN  MimeEntity:305 - Body part ended prematurely. Boundary detected in header or EOF reached.
2019-03-01 17:13:15 WARN  MimeEntity:305 - Invalid header encountered
2019-03-01 17:13:15 WARN  MimeEntity:305 - Body part ended prematurely. Boundary detected in header or EOF reached.
2019-03-01 17:13:24 WARN  MimeEntity:305 - Invalid header encountered
2019-03-01 17:13:24 WARN  MimeEntity:305 - Body part ended prematurely. Boundary detected in header or EOF reached.
2019-03-01 17:13:44 WARN  MimeEntity:305 - Invalid header encountered
2019-03-01 17:13:44 WARN  MimeEntity:305 - Body part ended prematurely. Boundary detected in header or EOF reached.
2019-03-01 17:14:15 WARN  MimeEntity:305 - Invalid header encountered
2019-03-01 17:14:15 WARN  MimeEntity:305 - Body part ended prematurely. Boundary detected in header or EOF reached.
2019-03-01 17:14:56 INFO  Controller:32 - CONNECTED
2019-03-01 17:15:12 WARN  MimeEntity:305 - Invalid header encountered
2019-03-01 17:15:12 WARN  MimeEntity:305 - Body part ended prematurely. Boundary detected in header or EOF reached.
2019-03-01 17:15:28 INFO  Controller:32 - CONNECTED
2019-03-01 17:15:41 WARN  MimeEntity:305 - Invalid header encountered
2019-03-01 17:15:41 WARN  MimeEntity:305 - Body part ended prematurely. Boundary detected in header or EOF reached.
2019-03-01 17:15:45 WARN  MimeEntity:305 - Invalid header encountered
2019-03-01 17:15:45 WARN  MimeEntity:305 - Body part ended prematurely. Boundary detected in header or EOF reached.
2019-03-01 17:15:49 WARN  MimeEntity:305 - Invalid header encountered
2019-03-01 17:15:49 WARN  MimeEntity:305 - Body part ended prematurely. Boundary detected in header or EOF reached.
2019-03-01 17:16:26 WARN  MimeEntity:305 - Invalid header encountered
2019-03-01 17:16:26 WARN  MimeEntity:305 - Body part ended prematurely. Boundary detected in header or EOF reached.
2019-03-01 17:17:35 INFO  Controller:32 - CONNECTED
2019-03-01 17:17:48 WARN  MimeEntity:305 - Invalid header encountered
2019-03-01 17:17:48 WARN  MimeEntity:305 - Body part ended prematurely. Boundary detected in header or EOF reached.
2019-03-01 17:18:03 WARN  MimeEntity:305 - Invalid header encountered
2019-03-01 17:18:03 WARN  MimeEntity:305 - Body part ended prematurely. Boundary detected in header or EOF reached.
2019-03-01 17:18:19 INFO  Controller:32 - CONNECTED
2019-03-01 17:18:34 WARN  MimeEntity:305 - Invalid header encountered
2019-03-01 17:18:34 WARN  MimeEntity:305 - Body part ended prematurely. Boundary detected in header or EOF reached.
2019-03-01 17:18:42 INFO  Controller:32 - CONNECTED
2019-03-01 17:18:50 WARN  MimeEntity:305 - Invalid header encountered
2019-03-01 17:18:50 WARN  QuotedPrintableInputStream:158 - Malformed MIME; expected \r or [0-9A-Z], got 10
2019-03-01 17:18:50 WARN  QuotedPrintableInputStream:158 - Malformed MIME; expected \r or [0-9A-Z], got 10
2019-03-01 17:18:50 WARN  QuotedPrintableInputStream:158 - Malformed MIME; expected \r or [0-9A-Z], got 10
2019-03-01 17:18:50 WARN  QuotedPrintableInputStream:158 - Malformed MIME; expected \r or [0-9A-Z], got 10
2019-03-01 17:18:50 WARN  QuotedPrintableInputStream:158 - Malformed MIME; expected \r or [0-9A-Z], got 10
2019-03-01 17:18:50 WARN  QuotedPrintableInputStream:158 - Malformed MIME; expected \r or [0-9A-Z], got 10
2019-03-01 17:18:50 WARN  QuotedPrintableInputStream:158 - Malformed MIME; expected \r or [0-9A-Z], got 10
2019-03-01 17:18:50 WARN  QuotedPrintableInputStream:158 - Malformed MIME; expected \r or [0-9A-Z], got 10
2019-03-01 17:18:50 WARN  QuotedPrintableInputStream:158 - Malformed MIME; expected \r or [0-9A-Z], got 10
2019-03-01 17:18:50 WARN  QuotedPrintableInputStream:158 - Malformed MIME; expected \r or [0-9A-Z], got 10
2019-03-01 17:18:50 WARN  QuotedPrintableInputStream:158 - Malformed MIME; expected \r or [0-9A-Z], got 10
2019-03-01 17:18:50 WARN  QuotedPrintableInputStream:158 - Malformed MIME; expected \r or [0-9A-Z], got 10
2019-03-01 17:18:50 WARN  QuotedPrintableInputStream:158 - Malformed MIME; expected \r or [0-9A-Z], got 10
2019-03-01 17:18:50 WARN  QuotedPrintableInputStream:158 - Malformed MIME; expected \r or [0-9A-Z], got 10
2019-03-01 17:18:50 WARN  QuotedPrintableInputStream:158 - Malformed MIME; expected \r or [0-9A-Z], got 10
2019-03-01 17:18:50 WARN  QuotedPrintableInputStream:158 - Malformed MIME; expected \r or [0-9A-Z], got 10
2019-03-01 17:18:50 WARN  QuotedPrintableInputStream:158 - Malformed MIME; expected \r or [0-9A-Z], got 10
2019-03-01 17:18:50 WARN  QuotedPrintableInputStream:158 - Malformed MIME; expected \r or [0-9A-Z], got 10
2019-03-01 17:18:50 WARN  QuotedPrintableInputStream:158 - Malformed MIME; expected \r or [0-9A-Z], got 10
2019-03-01 17:18:50 WARN  QuotedPrintableInputStream:158 - Malformed MIME; expected \r or [0-9A-Z], got 10
2019-03-01 17:18:50 WARN  QuotedPrintableInputStream:158 - Malformed MIME; expected \r or [0-9A-Z], got 10
2019-03-01 17:18:50 WARN  QuotedPrintableInputStream:158 - Malformed MIME; expected \r or [0-9A-Z], got 10
2019-03-01 17:21:31 WARN  MimeEntity:305 - Invalid header encountered
2019-03-01 17:35:44 INFO  Controller:32 - CONNECTED
2019-03-01 17:35:52 WARN  MimeEntity:305 - Invalid header encountered
2019-03-01 17:36:00 WARN  MimeEntity:305 - Invalid header encountered
2019-03-01 17:44:51 INFO  Controller:32 - CONNECTED
2019-03-01 17:44:58 WARN  MimeEntity:305 - Invalid header encountered
2019-03-01 17:45:05 WARN  MimeEntity:305 - Invalid header encountered
2019-03-01 17:45:05 WARN  QuotedPrintableInputStream:158 - Malformed MIME; expected \r or [0-9A-Z], got 10
2019-03-01 17:45:05 WARN  QuotedPrintableInputStream:158 - Malformed MIME; expected \r or [0-9A-Z], got 10
2019-03-01 17:45:05 WARN  QuotedPrintableInputStream:158 - Malformed MIME; expected \r or [0-9A-Z], got 10
2019-03-01 17:45:05 WARN  QuotedPrintableInputStream:158 - Malformed MIME; expected \r or [0-9A-Z], got 10
2019-03-01 17:45:05 WARN  QuotedPrintableInputStream:158 - Malformed MIME; expected \r or [0-9A-Z], got 10
2019-03-01 17:45:05 WARN  QuotedPrintableInputStream:158 - Malformed MIME; expected \r or [0-9A-Z], got 10
2019-03-01 17:45:05 WARN  QuotedPrintableInputStream:158 - Malformed MIME; expected \r or [0-9A-Z], got 10
2019-03-01 17:45:05 WARN  QuotedPrintableInputStream:158 - Malformed MIME; expected \r or [0-9A-Z], got 10
2019-03-01 17:45:05 WARN  QuotedPrintableInputStream:158 - Malformed MIME; expected \r or [0-9A-Z], got 10
2019-03-01 17:45:05 WARN  QuotedPrintableInputStream:158 - Malformed MIME; expected \r or [0-9A-Z], got 10
2019-03-01 17:45:05 WARN  QuotedPrintableInputStream:158 - Malformed MIME; expected \r or [0-9A-Z], got 10
2019-03-01 17:45:05 WARN  QuotedPrintableInputStream:158 - Malformed MIME; expected \r or [0-9A-Z], got 10
2019-03-01 17:45:05 WARN  QuotedPrintableInputStream:158 - Malformed MIME; expected \r or [0-9A-Z], got 10
2019-03-01 17:45:05 WARN  QuotedPrintableInputStream:158 - Malformed MIME; expected \r or [0-9A-Z], got 10
2019-03-01 17:45:05 WARN  QuotedPrintableInputStream:158 - Malformed MIME; expected \r or [0-9A-Z], got 10
2019-03-01 17:45:05 WARN  QuotedPrintableInputStream:158 - Malformed MIME; expected \r or [0-9A-Z], got 10
2019-03-01 17:45:05 WARN  QuotedPrintableInputStream:158 - Malformed MIME; expected \r or [0-9A-Z], got 10
2019-03-01 17:45:05 WARN  QuotedPrintableInputStream:158 - Malformed MIME; expected \r or [0-9A-Z], got 10
2019-03-01 17:45:05 WARN  QuotedPrintableInputStream:158 - Malformed MIME; expected \r or [0-9A-Z], got 10
2019-03-01 17:45:05 WARN  QuotedPrintableInputStream:158 - Malformed MIME; expected \r or [0-9A-Z], got 10
2019-03-01 17:45:05 WARN  QuotedPrintableInputStream:158 - Malformed MIME; expected \r or [0-9A-Z], got 10
2019-03-01 17:45:05 WARN  QuotedPrintableInputStream:158 - Malformed MIME; expected \r or [0-9A-Z], got 10
2019-03-01 20:03:29 INFO  Controller:32 - CONNECTED
2019-03-01 20:03:42 WARN  MimeEntity:305 - Invalid header encountered
2019-03-01 20:03:49 WARN  MimeEntity:305 - Invalid header encountered
2019-03-01 20:05:02 INFO  Controller:32 - CONNECTED
2019-03-01 20:05:09 WARN  MimeEntity:305 - Invalid header encountered
2019-03-01 20:05:13 WARN  MimeEntity:305 - Invalid header encountered
2019-03-01 20:05:48 INFO  Controller:32 - CONNECTED
2019-03-01 20:05:57 WARN  MimeEntity:305 - Invalid header encountered
2019-03-01 20:05:57 WARN  MimeEntity:305 - Body part ended prematurely. Boundary detected in header or EOF reached.
2019-03-01 20:06:04 WARN  MimeEntity:305 - Invalid header encountered
2019-03-01 20:06:04 WARN  MimeEntity:305 - Body part ended prematurely. Boundary detected in header or EOF reached.
2019-03-01 20:13:48 INFO  Controller:32 - CONNECTED
2019-03-01 20:14:00 WARN  MimeEntity:305 - Invalid header encountered
2019-03-01 20:14:09 WARN  MimeEntity:305 - Invalid header encountered
2019-03-01 20:14:09 WARN  QuotedPrintableInputStream:158 - Malformed MIME; expected \r or [0-9A-Z], got 10
2019-03-01 20:14:09 WARN  QuotedPrintableInputStream:158 - Malformed MIME; expected \r or [0-9A-Z], got 10
2019-03-01 20:14:09 WARN  QuotedPrintableInputStream:158 - Malformed MIME; expected \r or [0-9A-Z], got 10
2019-03-01 20:14:21 WARN  MimeEntity:305 - Invalid header encountered
2019-03-01 21:11:10 INFO  Controller:32 - CONNECTED
2019-03-01 21:11:19 WARN  MimeEntity:305 - Invalid header encountered
2019-03-01 21:35:00 INFO  Controller:32 - CONNECTED
2019-03-01 21:35:14 WARN  MimeEntity:305 - Invalid header encountered
2019-03-01 21:35:14 WARN  MimeEntity:305 - Unexpected end of headers detected. Higher level boundary detected or EOF reached.
2019-03-01 21:35:14 WARN  MimeEntity:305 - Body part ended prematurely. Boundary detected in header or EOF reached.
2019-03-01 21:35:32 WARN  MimeEntity:305 - Invalid header encountered
2019-03-01 21:35:32 WARN  MimeEntity:305 - Body part ended prematurely. Boundary detected in header or EOF reached.
2019-03-01 21:35:38 WARN  MimeEntity:305 - Invalid header encountered
2019-03-01 21:35:38 WARN  MimeEntity:305 - Body part ended prematurely. Boundary detected in header or EOF reached.
2019-03-01 21:35:43 WARN  MimeEntity:305 - Invalid header encountered
2019-03-01 21:35:43 WARN  MimeEntity:305 - Body part ended prematurely. Boundary detected in header or EOF reached.
2019-03-01 21:35:48 WARN  MimeEntity:305 - Invalid header encountered
2019-03-01 21:35:48 WARN  MimeEntity:305 - Body part ended prematurely. Boundary detected in header or EOF reached.
2019-03-01 21:35:54 WARN  MimeEntity:305 - Invalid header encountered
2019-03-01 21:35:54 WARN  MimeEntity:305 - Body part ended prematurely. Boundary detected in header or EOF reached.
2019-03-01 21:36:00 WARN  MimeEntity:305 - Invalid header encountered
2019-03-01 21:36:00 WARN  MimeEntity:305 - Body part ended prematurely. Boundary detected in header or EOF reached.
2019-03-01 21:36:05 WARN  MimeEntity:305 - Invalid header encountered
2019-03-01 21:36:05 WARN  MimeEntity:305 - Body part ended prematurely. Boundary detected in header or EOF reached.
2019-03-01 21:36:18 WARN  MimeEntity:305 - Invalid header encountered
2019-03-01 21:36:18 WARN  MimeEntity:305 - Body part ended prematurely. Boundary detected in header or EOF reached.
2019-03-01 21:36:29 WARN  MimeEntity:305 - Invalid header encountered
2019-03-01 21:36:29 WARN  MimeEntity:305 - Body part ended prematurely. Boundary detected in header or EOF reached.
2019-03-01 21:38:33 WARN  MimeEntity:305 - Invalid header encountered
2019-03-01 21:43:04 INFO  Controller:32 - CONNECTED
2019-03-01 21:43:12 WARN  MimeEntity:305 - Invalid header encountered
2019-03-01 22:48:43 INFO  Controller:32 - CONNECTED
2019-03-01 22:48:57 WARN  MimeEntity:305 - Invalid header encountered
2019-03-01 22:48:57 WARN  MimeEntity:305 - Invalid header encountered
2019-03-01 22:48:57 WARN  MimeEntity:305 - Body part ended prematurely. Boundary detected in header or EOF reached.
2019-03-02 08:18:44 INFO  Controller:32 - CONNECTED
2019-03-02 08:18:58 WARN  MimeEntity:305 - Invalid header encountered
2019-03-02 08:19:53 WARN  MimeEntity:305 - Invalid header encountered
2019-03-02 08:19:53 WARN  MimeEntity:305 - Body part ended prematurely. Boundary detected in header or EOF reached.
2019-03-02 08:20:01 WARN  MimeEntity:305 - Invalid header encountered
2019-03-02 08:20:01 WARN  MimeEntity:305 - Body part ended prematurely. Boundary detected in header or EOF reached.
2019-03-02 08:20:13 WARN  MimeEntity:305 - Invalid header encountered
2019-03-02 08:20:13 WARN  MimeEntity:305 - Invalid header encountered
2019-03-02 08:20:13 WARN  MimeEntity:305 - Body part ended prematurely. Boundary detected in header or EOF reached.
2019-03-02 08:20:20 WARN  MimeEntity:305 - Invalid header encountered
2019-03-02 08:20:20 WARN  MimeEntity:305 - Body part ended prematurely. Boundary detected in header or EOF reached.
2019-03-02 08:20:25 WARN  MimeEntity:305 - Invalid header encountered
2019-03-02 08:20:25 WARN  MimeEntity:305 - Body part ended prematurely. Boundary detected in header or EOF reached.
2019-03-02 08:20:30 WARN  MimeEntity:305 - Invalid header encountered
2019-03-02 08:20:30 WARN  MimeEntity:305 - Body part ended prematurely. Boundary detected in header or EOF reached.
2019-03-02 08:29:56 INFO  Controller:32 - CONNECTED
2019-03-02 08:30:13 WARN  MimeEntity:305 - Invalid header encountered
2019-03-02 08:30:13 WARN  MimeEntity:305 - Body part ended prematurely. Boundary detected in header or EOF reached.
2019-03-02 08:33:21 INFO  Controller:32 - CONNECTED
2019-03-02 08:33:43 WARN  MimeEntity:305 - Invalid header encountered
2019-03-02 08:33:43 WARN  MimeEntity:305 - Body part ended prematurely. Boundary detected in header or EOF reached.
2019-03-02 08:34:19 INFO  Controller:32 - CONNECTED
2019-03-02 08:34:30 WARN  MimeEntity:305 - Invalid header encountered
2019-03-02 08:34:30 WARN  MimeEntity:305 - Body part ended prematurely. Boundary detected in header or EOF reached.
2019-03-02 08:43:32 ERROR Controller:39 - Error while connection: 
model.POP3ConnectionException: Cannot connect to server
	at controller.Controller.connect(Controller.java:39)
	at view.MainWindow.lambda$new$3(MainWindow.java:159)
	at com.sun.javafx.event.CompositeEventHandler.dispatchBubblingEvent(CompositeEventHandler.java:86)
	at com.sun.javafx.event.EventHandlerManager.dispatchBubblingEvent(EventHandlerManager.java:238)
	at com.sun.javafx.event.EventHandlerManager.dispatchBubblingEvent(EventHandlerManager.java:191)
	at com.sun.javafx.event.CompositeEventDispatcher.dispatchBubblingEvent(CompositeEventDispatcher.java:59)
	at com.sun.javafx.event.BasicEventDispatcher.dispatchEvent(BasicEventDispatcher.java:58)
	at com.sun.javafx.event.EventDispatchChainImpl.dispatchEvent(EventDispatchChainImpl.java:114)
	at com.sun.javafx.event.BasicEventDispatcher.dispatchEvent(BasicEventDispatcher.java:56)
	at com.sun.javafx.event.EventDispatchChainImpl.dispatchEvent(EventDispatchChainImpl.java:114)
	at com.sun.javafx.event.BasicEventDispatcher.dispatchEvent(BasicEventDispatcher.java:56)
	at com.sun.javafx.event.EventDispatchChainImpl.dispatchEvent(EventDispatchChainImpl.java:114)
	at com.sun.javafx.event.EventUtil.fireEventImpl(EventUtil.java:74)
	at com.sun.javafx.event.EventUtil.fireEvent(EventUtil.java:49)
	at javafx.event.Event.fireEvent(Event.java:198)
	at javafx.scene.Node.fireEvent(Node.java:8413)
	at javafx.scene.control.ToggleButton.fire(ToggleButton.java:256)
	at javafx.scene.control.RadioButton.fire(RadioButton.java:113)
	at com.sun.javafx.scene.control.behavior.ButtonBehavior.mouseReleased(ButtonBehavior.java:182)
	at com.sun.javafx.scene.control.skin.BehaviorSkinBase$1.handle(BehaviorSkinBase.java:96)
	at com.sun.javafx.scene.control.skin.BehaviorSkinBase$1.handle(BehaviorSkinBase.java:89)
	at com.sun.javafx.event.CompositeEventHandler$NormalEventHandlerRecord.handleBubblingEvent(CompositeEventHandler.java:218)
	at com.sun.javafx.event.CompositeEventHandler.dispatchBubblingEvent(CompositeEventHandler.java:80)
	at com.sun.javafx.event.EventHandlerManager.dispatchBubblingEvent(EventHandlerManager.java:238)
	at com.sun.javafx.event.EventHandlerManager.dispatchBubblingEvent(EventHandlerManager.java:191)
	at com.sun.javafx.event.CompositeEventDispatcher.dispatchBubblingEvent(CompositeEventDispatcher.java:59)
	at com.sun.javafx.event.BasicEventDispatcher.dispatchEvent(BasicEventDispatcher.java:58)
	at com.sun.javafx.event.EventDispatchChainImpl.dispatchEvent(EventDispatchChainImpl.java:114)
	at com.sun.javafx.event.BasicEventDispatcher.dispatchEvent(BasicEventDispatcher.java:56)
	at com.sun.javafx.event.EventDispatchChainImpl.dispatchEvent(EventDispatchChainImpl.java:114)
	at com.sun.javafx.event.BasicEventDispatcher.dispatchEvent(BasicEventDispatcher.java:56)
	at com.sun.javafx.event.EventDispatchChainImpl.dispatchEvent(EventDispatchChainImpl.java:114)
	at com.sun.javafx.event.EventUtil.fireEventImpl(EventUtil.java:74)
	at com.sun.javafx.event.EventUtil.fireEvent(EventUtil.java:54)
	at javafx.event.Event.fireEvent(Event.java:198)
	at javafx.scene.Scene$MouseHandler.process(Scene.java:3757)
	at javafx.scene.Scene$MouseHandler.access$1500(Scene.java:3485)
	at javafx.scene.Scene.impl_processMouseEvent(Scene.java:1762)
	at javafx.scene.Scene$ScenePeerListener.mouseEvent(Scene.java:2494)
	at com.sun.javafx.tk.quantum.GlassViewEventHandler$MouseEventNotification.run(GlassViewEventHandler.java:381)
	at com.sun.javafx.tk.quantum.GlassViewEventHandler$MouseEventNotification.run(GlassViewEventHandler.java:295)
	at java.security.AccessController.doPrivileged(Native Method)
	at com.sun.javafx.tk.quantum.GlassViewEventHandler.lambda$handleMouseEvent$354(GlassViewEventHandler.java:417)
	at com.sun.javafx.tk.quantum.QuantumToolkit.runWithoutRenderLock(QuantumToolkit.java:389)
	at com.sun.javafx.tk.quantum.GlassViewEventHandler.handleMouseEvent(GlassViewEventHandler.java:416)
	at com.sun.glass.ui.View.handleMouseEvent(View.java:555)
	at com.sun.glass.ui.View.notifyMouse(View.java:937)
	at com.sun.glass.ui.win.WinApplication._runLoop(Native Method)
	at com.sun.glass.ui.win.WinApplication.lambda$null$148(WinApplication.java:191)
	at java.lang.Thread.run(Thread.java:748)
2019-03-02 08:44:02 INFO  Controller:32 - CONNECTED
2019-03-02 08:44:46 INFO  Controller:32 - CONNECTED
2019-03-02 08:45:14 INFO  Controller:32 - CONNECTED
2019-03-02 08:53:35 INFO  Controller:32 - CONNECTED
2019-03-02 08:54:16 INFO  Controller:32 - CONNECTED
2019-03-02 08:55:25 INFO  Controller:32 - CONNECTED
2019-03-02 09:03:24 INFO  Controller:32 - CONNECTED
2019-03-02 09:19:59 ERROR Controller:39 - Error while connection: 
model.POP3ConnectionException: Cannot connect to server
	at controller.Controller.connect(Controller.java:39)
	at view.MainWindow.lambda$new$3(MainWindow.java:159)
	at com.sun.javafx.event.CompositeEventHandler.dispatchBubblingEvent(CompositeEventHandler.java:86)
	at com.sun.javafx.event.EventHandlerManager.dispatchBubblingEvent(EventHandlerManager.java:238)
	at com.sun.javafx.event.EventHandlerManager.dispatchBubblingEvent(EventHandlerManager.java:191)
	at com.sun.javafx.event.CompositeEventDispatcher.dispatchBubblingEvent(CompositeEventDispatcher.java:59)
	at com.sun.javafx.event.BasicEventDispatcher.dispatchEvent(BasicEventDispatcher.java:58)
	at com.sun.javafx.event.EventDispatchChainImpl.dispatchEvent(EventDispatchChainImpl.java:114)
	at com.sun.javafx.event.BasicEventDispatcher.dispatchEvent(BasicEventDispatcher.java:56)
	at com.sun.javafx.event.EventDispatchChainImpl.dispatchEvent(EventDispatchChainImpl.java:114)
	at com.sun.javafx.event.BasicEventDispatcher.dispatchEvent(BasicEventDispatcher.java:56)
	at com.sun.javafx.event.EventDispatchChainImpl.dispatchEvent(EventDispatchChainImpl.java:114)
	at com.sun.javafx.event.EventUtil.fireEventImpl(EventUtil.java:74)
	at com.sun.javafx.event.EventUtil.fireEvent(EventUtil.java:49)
	at javafx.event.Event.fireEvent(Event.java:198)
	at javafx.scene.Node.fireEvent(Node.java:8413)
	at javafx.scene.control.ToggleButton.fire(ToggleButton.java:256)
	at javafx.scene.control.RadioButton.fire(RadioButton.java:113)
	at com.sun.javafx.scene.control.behavior.ButtonBehavior.mouseReleased(ButtonBehavior.java:182)
	at com.sun.javafx.scene.control.skin.BehaviorSkinBase$1.handle(BehaviorSkinBase.java:96)
	at com.sun.javafx.scene.control.skin.BehaviorSkinBase$1.handle(BehaviorSkinBase.java:89)
	at com.sun.javafx.event.CompositeEventHandler$NormalEventHandlerRecord.handleBubblingEvent(CompositeEventHandler.java:218)
	at com.sun.javafx.event.CompositeEventHandler.dispatchBubblingEvent(CompositeEventHandler.java:80)
	at com.sun.javafx.event.EventHandlerManager.dispatchBubblingEvent(EventHandlerManager.java:238)
	at com.sun.javafx.event.EventHandlerManager.dispatchBubblingEvent(EventHandlerManager.java:191)
	at com.sun.javafx.event.CompositeEventDispatcher.dispatchBubblingEvent(CompositeEventDispatcher.java:59)
	at com.sun.javafx.event.BasicEventDispatcher.dispatchEvent(BasicEventDispatcher.java:58)
	at com.sun.javafx.event.EventDispatchChainImpl.dispatchEvent(EventDispatchChainImpl.java:114)
	at com.sun.javafx.event.BasicEventDispatcher.dispatchEvent(BasicEventDispatcher.java:56)
	at com.sun.javafx.event.EventDispatchChainImpl.dispatchEvent(EventDispatchChainImpl.java:114)
	at com.sun.javafx.event.BasicEventDispatcher.dispatchEvent(BasicEventDispatcher.java:56)
	at com.sun.javafx.event.EventDispatchChainImpl.dispatchEvent(EventDispatchChainImpl.java:114)
	at com.sun.javafx.event.EventUtil.fireEventImpl(EventUtil.java:74)
	at com.sun.javafx.event.EventUtil.fireEvent(EventUtil.java:54)
	at javafx.event.Event.fireEvent(Event.java:198)
	at javafx.scene.Scene$MouseHandler.process(Scene.java:3757)
	at javafx.scene.Scene$MouseHandler.access$1500(Scene.java:3485)
	at javafx.scene.Scene.impl_processMouseEvent(Scene.java:1762)
	at javafx.scene.Scene$ScenePeerListener.mouseEvent(Scene.java:2494)
	at com.sun.javafx.tk.quantum.GlassViewEventHandler$MouseEventNotification.run(GlassViewEventHandler.java:381)
	at com.sun.javafx.tk.quantum.GlassViewEventHandler$MouseEventNotification.run(GlassViewEventHandler.java:295)
	at java.security.AccessController.doPrivileged(Native Method)
	at com.sun.javafx.tk.quantum.GlassViewEventHandler.lambda$handleMouseEvent$354(GlassViewEventHandler.java:417)
	at com.sun.javafx.tk.quantum.QuantumToolkit.runWithoutRenderLock(QuantumToolkit.java:389)
	at com.sun.javafx.tk.quantum.GlassViewEventHandler.handleMouseEvent(GlassViewEventHandler.java:416)
	at com.sun.glass.ui.View.handleMouseEvent(View.java:555)
	at com.sun.glass.ui.View.notifyMouse(View.java:937)
	at com.sun.glass.ui.win.WinApplication._runLoop(Native Method)
	at com.sun.glass.ui.win.WinApplication.lambda$null$148(WinApplication.java:191)
	at java.lang.Thread.run(Thread.java:748)
2019-03-02 09:20:22 INFO  Controller:32 - CONNECTED
2019-03-02 09:20:23 INFO  Controller:53 - DISCONNECTED
2019-03-02 09:21:00 INFO  Controller:32 - CONNECTED
2019-03-02 09:21:17 INFO  Controller:32 - CONNECTED
2019-03-02 09:23:01 INFO  Controller:32 - CONNECTED
2019-03-02 10:10:20 INFO  Controller:32 - CONNECTED
2019-03-02 10:16:21 INFO  Controller:32 - CONNECTED
2019-03-02 10:16:34 WARN  MimeEntity:305 - Invalid header encountered
2019-03-02 10:16:34 WARN  MimeEntity:305 - Body part ended prematurely. Boundary detected in header or EOF reached.
2019-03-02 10:21:37 INFO  Controller:32 - CONNECTED
2019-03-02 10:21:47 WARN  MimeEntity:305 - Invalid header encountered
2019-03-02 10:21:47 WARN  MimeEntity:305 - Body part ended prematurely. Boundary detected in header or EOF reached.
2019-03-02 10:24:12 INFO  Controller:32 - CONNECTED
2019-03-02 10:24:25 WARN  MimeEntity:305 - Invalid header encountered
2019-03-02 10:24:25 WARN  MimeEntity:305 - Body part ended prematurely. Boundary detected in header or EOF reached.
2019-03-02 10:27:07 INFO  Controller:32 - CONNECTED
2019-03-02 10:27:18 WARN  MimeEntity:305 - Invalid header encountered
2019-03-02 10:27:44 WARN  MimeEntity:305 - Invalid header encountered
2019-03-02 10:27:44 WARN  MimeEntity:305 - Body part ended prematurely. Boundary detected in header or EOF reached.
2019-03-02 10:28:46 WARN  MimeEntity:305 - Invalid header encountered
2019-03-02 10:28:46 WARN  MimeEntity:305 - Body part ended prematurely. Boundary detected in header or EOF reached.
2019-03-02 10:28:56 WARN  MimeEntity:305 - Invalid header encountered
2019-03-02 10:28:56 WARN  MimeEntity:305 - Body part ended prematurely. Boundary detected in header or EOF reached.
2019-03-02 10:29:02 WARN  MimeEntity:305 - Invalid header encountered
2019-03-02 10:29:02 WARN  MimeEntity:305 - Body part ended prematurely. Boundary detected in header or EOF reached.
2019-03-02 10:29:48 WARN  MimeEntity:305 - Invalid header encountered
2019-03-02 10:29:48 WARN  QuotedPrintableInputStream:158 - Malformed MIME; expected \r or [0-9A-Z], got 10
2019-03-02 10:29:48 WARN  QuotedPrintableInputStream:158 - Malformed MIME; expected \r or [0-9A-Z], got 10
2019-03-02 10:29:48 WARN  QuotedPrintableInputStream:158 - Malformed MIME; expected \r or [0-9A-Z], got 10
2019-03-02 10:29:48 WARN  QuotedPrintableInputStream:158 - Malformed MIME; expected \r or [0-9A-Z], got 10
2019-03-02 10:29:48 WARN  QuotedPrintableInputStream:158 - Malformed MIME; expected \r or [0-9A-Z], got 10
2019-03-02 10:29:48 WARN  QuotedPrintableInputStream:158 - Malformed MIME; expected \r or [0-9A-Z], got 10
2019-03-02 10:29:48 WARN  QuotedPrintableInputStream:158 - Malformed MIME; expected \r or [0-9A-Z], got 10
2019-03-02 10:29:48 WARN  QuotedPrintableInputStream:158 - Malformed MIME; expected \r or [0-9A-Z], got 10
2019-03-02 10:29:48 WARN  QuotedPrintableInputStream:158 - Malformed MIME; expected \r or [0-9A-Z], got 10
2019-03-02 10:29:48 WARN  QuotedPrintableInputStream:158 - Malformed MIME; expected \r or [0-9A-Z], got 10
2019-03-02 10:29:48 WARN  QuotedPrintableInputStream:158 - Malformed MIME; expected \r or [0-9A-Z], got 10
2019-03-02 10:29:48 WARN  QuotedPrintableInputStream:158 - Malformed MIME; expected \r or [0-9A-Z], got 10
2019-03-02 10:29:48 WARN  QuotedPrintableInputStream:158 - Malformed MIME; expected \r or [0-9A-Z], got 10
2019-03-02 10:29:48 WARN  QuotedPrintableInputStream:158 - Malformed MIME; expected \r or [0-9A-Z], got 10
2019-03-02 10:29:48 WARN  QuotedPrintableInputStream:158 - Malformed MIME; expected \r or [0-9A-Z], got 10
2019-03-02 10:29:48 WARN  QuotedPrintableInputStream:158 - Malformed MIME; expected \r or [0-9A-Z], got 10
2019-03-02 10:29:48 WARN  QuotedPrintableInputStream:158 - Malformed MIME; expected \r or [0-9A-Z], got 10
2019-03-02 10:29:48 WARN  QuotedPrintableInputStream:158 - Malformed MIME; expected \r or [0-9A-Z], got 10
2019-03-02 10:29:48 WARN  QuotedPrintableInputStream:158 - Malformed MIME; expected \r or [0-9A-Z], got 10
2019-03-02 10:29:48 WARN  QuotedPrintableInputStream:158 - Malformed MIME; expected \r or [0-9A-Z], got 10
2019-03-02 10:29:48 WARN  QuotedPrintableInputStream:158 - Malformed MIME; expected \r or [0-9A-Z], got 10
2019-03-02 10:29:48 WARN  QuotedPrintableInputStream:158 - Malformed MIME; expected \r or [0-9A-Z], got 10
2019-03-02 10:30:54 WARN  MimeEntity:305 - Invalid header encountered
2019-03-02 10:30:54 WARN  MimeEntity:305 - Invalid header encountered
2019-03-02 10:30:54 WARN  MimeEntity:305 - Body part ended prematurely. Boundary detected in header or EOF reached.
2019-03-02 10:34:22 INFO  Controller:32 - CONNECTED
2019-03-02 10:34:30 WARN  MimeEntity:305 - Invalid header encountered
2019-03-02 10:34:30 WARN  QuotedPrintableInputStream:158 - Malformed MIME; expected \r or [0-9A-Z], got 10
2019-03-02 10:34:30 WARN  QuotedPrintableInputStream:158 - Malformed MIME; expected \r or [0-9A-Z], got 10
2019-03-02 10:34:30 WARN  QuotedPrintableInputStream:158 - Malformed MIME; expected \r or [0-9A-Z], got 10
2019-03-02 10:34:30 WARN  QuotedPrintableInputStream:158 - Malformed MIME; expected \r or [0-9A-Z], got 10
2019-03-02 10:34:30 WARN  QuotedPrintableInputStream:158 - Malformed MIME; expected \r or [0-9A-Z], got 10
2019-03-02 10:34:30 WARN  QuotedPrintableInputStream:158 - Malformed MIME; expected \r or [0-9A-Z], got 10
2019-03-02 10:34:30 WARN  QuotedPrintableInputStream:158 - Malformed MIME; expected \r or [0-9A-Z], got 10
2019-03-02 10:34:30 WARN  QuotedPrintableInputStream:158 - Malformed MIME; expected \r or [0-9A-Z], got 10
2019-03-02 10:34:30 WARN  QuotedPrintableInputStream:158 - Malformed MIME; expected \r or [0-9A-Z], got 10
2019-03-02 10:34:30 WARN  QuotedPrintableInputStream:158 - Malformed MIME; expected \r or [0-9A-Z], got 10
2019-03-02 10:34:30 WARN  QuotedPrintableInputStream:158 - Malformed MIME; expected \r or [0-9A-Z], got 10
2019-03-02 10:34:30 WARN  QuotedPrintableInputStream:158 - Malformed MIME; expected \r or [0-9A-Z], got 10
2019-03-02 10:34:30 WARN  QuotedPrintableInputStream:158 - Malformed MIME; expected \r or [0-9A-Z], got 10
2019-03-02 10:34:30 WARN  QuotedPrintableInputStream:158 - Malformed MIME; expected \r or [0-9A-Z], got 10
2019-03-02 10:34:30 WARN  QuotedPrintableInputStream:158 - Malformed MIME; expected \r or [0-9A-Z], got 10
2019-03-02 10:34:30 WARN  QuotedPrintableInputStream:158 - Malformed MIME; expected \r or [0-9A-Z], got 10
2019-03-02 10:34:30 WARN  QuotedPrintableInputStream:158 - Malformed MIME; expected \r or [0-9A-Z], got 10
2019-03-02 10:34:30 WARN  QuotedPrintableInputStream:158 - Malformed MIME; expected \r or [0-9A-Z], got 10
2019-03-02 10:34:30 WARN  QuotedPrintableInputStream:158 - Malformed MIME; expected \r or [0-9A-Z], got 10
2019-03-02 10:34:30 WARN  QuotedPrintableInputStream:158 - Malformed MIME; expected \r or [0-9A-Z], got 10
2019-03-02 10:34:30 WARN  QuotedPrintableInputStream:158 - Malformed MIME; expected \r or [0-9A-Z], got 10
2019-03-02 10:34:30 WARN  QuotedPrintableInputStream:158 - Malformed MIME; expected \r or [0-9A-Z], got 10
2019-03-02 10:45:24 INFO  Controller:32 - CONNECTED
2019-03-02 10:45:39 WARN  MimeEntity:305 - Invalid header encountered
2019-03-02 10:45:39 WARN  QuotedPrintableInputStream:158 - Malformed MIME; expected \r or [0-9A-Z], got 10
2019-03-02 10:45:39 WARN  QuotedPrintableInputStream:158 - Malformed MIME; expected \r or [0-9A-Z], got 10
2019-03-02 10:45:39 WARN  QuotedPrintableInputStream:158 - Malformed MIME; expected \r or [0-9A-Z], got 10
2019-03-02 10:45:39 WARN  QuotedPrintableInputStream:158 - Malformed MIME; expected \r or [0-9A-Z], got 10
2019-03-02 10:45:39 WARN  QuotedPrintableInputStream:158 - Malformed MIME; expected \r or [0-9A-Z], got 10
2019-03-02 10:45:39 WARN  QuotedPrintableInputStream:158 - Malformed MIME; expected \r or [0-9A-Z], got 10
2019-03-02 10:45:39 WARN  QuotedPrintableInputStream:158 - Malformed MIME; expected \r or [0-9A-Z], got 10
2019-03-02 10:45:39 WARN  QuotedPrintableInputStream:158 - Malformed MIME; expected \r or [0-9A-Z], got 10
2019-03-02 10:45:39 WARN  QuotedPrintableInputStream:158 - Malformed MIME; expected \r or [0-9A-Z], got 10
2019-03-02 10:45:39 WARN  QuotedPrintableInputStream:158 - Malformed MIME; expected \r or [0-9A-Z], got 10
2019-03-02 10:45:39 WARN  QuotedPrintableInputStream:158 - Malformed MIME; expected \r or [0-9A-Z], got 10
2019-03-02 10:45:39 WARN  QuotedPrintableInputStream:158 - Malformed MIME; expected \r or [0-9A-Z], got 10
2019-03-02 10:45:39 WARN  QuotedPrintableInputStream:158 - Malformed MIME; expected \r or [0-9A-Z], got 10
2019-03-02 10:45:39 WARN  QuotedPrintableInputStream:158 - Malformed MIME; expected \r or [0-9A-Z], got 10
2019-03-02 10:45:39 WARN  QuotedPrintableInputStream:158 - Malformed MIME; expected \r or [0-9A-Z], got 10
2019-03-02 10:45:39 WARN  QuotedPrintableInputStream:158 - Malformed MIME; expected \r or [0-9A-Z], got 10
2019-03-02 10:45:39 WARN  QuotedPrintableInputStream:158 - Malformed MIME; expected \r or [0-9A-Z], got 10
2019-03-02 10:45:39 WARN  QuotedPrintableInputStream:158 - Malformed MIME; expected \r or [0-9A-Z], got 10
2019-03-02 10:45:39 WARN  QuotedPrintableInputStream:158 - Malformed MIME; expected \r or [0-9A-Z], got 10
2019-03-02 10:45:39 WARN  QuotedPrintableInputStream:158 - Malformed MIME; expected \r or [0-9A-Z], got 10
2019-03-02 10:45:39 WARN  QuotedPrintableInputStream:158 - Malformed MIME; expected \r or [0-9A-Z], got 10
2019-03-02 10:45:39 WARN  QuotedPrintableInputStream:158 - Malformed MIME; expected \r or [0-9A-Z], got 10
2019-03-02 10:45:48 WARN  MimeEntity:305 - Invalid header encountered
2019-03-02 10:45:48 WARN  MimeEntity:305 - Body part ended prematurely. Boundary detected in header or EOF reached.
2019-03-02 11:02:54 INFO  Controller:32 - CONNECTED
2019-03-02 11:03:07 WARN  MimeEntity:305 - Invalid header encountered
2019-03-02 11:04:10 INFO  Controller:32 - CONNECTED
2019-03-02 11:04:20 WARN  MimeEntity:305 - Invalid header encountered
2019-03-02 21:28:10 INFO  Controller:32 - CONNECTED
2019-03-02 21:28:16 WARN  MimeEntity:305 - Invalid header encountered
2019-03-05 15:17:52 INFO  Controller:32 - CONNECTED
2019-03-05 15:29:32 INFO  Controller:32 - CONNECTED
2019-03-05 15:30:39 INFO  Controller:32 - CONNECTED
2019-03-05 15:32:53 INFO  Controller:32 - CONNECTED
2019-03-05 15:35:03 INFO  Controller:32 - CONNECTED
2019-03-05 15:36:06 INFO  Controller:32 - CONNECTED
2019-03-05 15:38:24 INFO  Controller:32 - CONNECTED
2019-03-05 15:46:12 INFO  Controller:32 - CONNECTED
2019-03-05 15:46:24 WARN  MimeEntity:305 - Invalid header encountered
2019-03-05 15:47:26 INFO  Controller:32 - CONNECTED
2019-03-05 15:47:45 WARN  MimeEntity:305 - Invalid header encountered
2019-03-05 15:49:10 INFO  Controller:32 - CONNECTED
2019-03-05 15:49:19 WARN  MimeEntity:305 - Invalid header encountered
2019-03-05 15:50:08 INFO  Controller:32 - CONNECTED
2019-03-05 15:50:19 WARN  MimeEntity:305 - Invalid header encountered
2019-03-05 15:52:52 INFO  Controller:32 - CONNECTED
2019-03-05 15:53:05 WARN  MimeEntity:305 - Invalid header encountered
2019-03-05 15:53:28 INFO  Controller:32 - CONNECTED
2019-03-05 15:53:35 WARN  MimeEntity:305 - Invalid header encountered
2019-03-05 15:55:11 INFO  Controller:32 - CONNECTED
2019-03-05 15:55:20 WARN  MimeEntity:305 - Invalid header encountered
2019-03-05 15:58:02 INFO  Controller:32 - CONNECTED
2019-03-05 15:58:11 WARN  MimeEntity:305 - Invalid header encountered
2019-03-05 16:06:58 INFO  Controller:32 - CONNECTED
2019-03-05 16:07:05 WARN  MimeEntity:305 - Invalid header encountered
2019-03-05 16:10:36 INFO  Controller:32 - CONNECTED
2019-03-05 16:10:43 WARN  MimeEntity:305 - Invalid header encountered
2019-03-05 16:12:50 INFO  Controller:32 - CONNECTED
2019-03-05 16:12:59 WARN  MimeEntity:305 - Invalid header encountered
2019-03-05 16:13:21 WARN  MimeEntity:305 - Invalid header encountered
2019-03-05 16:14:21 INFO  Controller:32 - CONNECTED
2019-03-05 16:14:28 WARN  MimeEntity:305 - Invalid header encountered
2019-03-05 16:14:55 WARN  MimeEntity:305 - Invalid header encountered
2019-03-05 16:18:01 INFO  Controller:32 - CONNECTED
2019-03-05 16:18:09 WARN  MimeEntity:305 - Invalid header encountered
2019-03-06 12:50:23 INFO  Controller:32 - CONNECTED
2019-03-06 12:52:57 INFO  Controller:32 - CONNECTED
2019-03-06 12:53:05 WARN  MimeEntity:305 - Invalid header encountered
2019-03-06 13:30:49 INFO  Controller:32 - CONNECTED
2019-03-06 13:31:00 WARN  MimeEntity:305 - Invalid header encountered
2019-03-06 13:31:13 WARN  MimeEntity:305 - Invalid header encountered
2019-03-06 13:33:35 INFO  Controller:32 - CONNECTED
2019-03-06 13:33:44 WARN  MimeEntity:305 - Invalid header encountered
2019-03-06 15:39:58 INFO  Controller:32 - CONNECTED
2019-03-06 15:40:05 WARN  MimeEntity:305 - Invalid header encountered
2019-03-06 15:40:38 INFO  Controller:32 - CONNECTED
2019-03-06 15:40:45 WARN  MimeEntity:305 - Invalid header encountered
2019-03-06 15:41:33 INFO  Controller:32 - CONNECTED
2019-03-06 15:41:39 WARN  MimeEntity:305 - Invalid header encountered
2019-03-06 15:42:48 INFO  Controller:32 - CONNECTED
2019-03-06 15:42:55 WARN  MimeEntity:305 - Invalid header encountered
2019-03-06 15:46:51 INFO  Controller:32 - CONNECTED
2019-03-06 15:46:57 WARN  MimeEntity:305 - Invalid header encountered
2019-03-06 15:58:55 INFO  Controller:32 - CONNECTED
2019-03-06 15:59:02 WARN  MimeEntity:305 - Invalid header encountered
2019-03-06 16:01:41 INFO  Controller:32 - CONNECTED
2019-03-06 16:01:48 WARN  MimeEntity:305 - Invalid header encountered
2019-03-06 16:41:53 ERROR Controller:39 - Error while connection: 
model.POP3ConnectionException: Cannot connect to server
	at controller.Controller.connect(Controller.java:39)
	at view.MainWindow.lambda$new$3(MainWindow.java:159)
	at com.sun.javafx.event.CompositeEventHandler.dispatchBubblingEvent(CompositeEventHandler.java:86)
	at com.sun.javafx.event.EventHandlerManager.dispatchBubblingEvent(EventHandlerManager.java:238)
	at com.sun.javafx.event.EventHandlerManager.dispatchBubblingEvent(EventHandlerManager.java:191)
	at com.sun.javafx.event.CompositeEventDispatcher.dispatchBubblingEvent(CompositeEventDispatcher.java:59)
	at com.sun.javafx.event.BasicEventDispatcher.dispatchEvent(BasicEventDispatcher.java:58)
	at com.sun.javafx.event.EventDispatchChainImpl.dispatchEvent(EventDispatchChainImpl.java:114)
	at com.sun.javafx.event.BasicEventDispatcher.dispatchEvent(BasicEventDispatcher.java:56)
	at com.sun.javafx.event.EventDispatchChainImpl.dispatchEvent(EventDispatchChainImpl.java:114)
	at com.sun.javafx.event.BasicEventDispatcher.dispatchEvent(BasicEventDispatcher.java:56)
	at com.sun.javafx.event.EventDispatchChainImpl.dispatchEvent(EventDispatchChainImpl.java:114)
	at com.sun.javafx.event.EventUtil.fireEventImpl(EventUtil.java:74)
	at com.sun.javafx.event.EventUtil.fireEvent(EventUtil.java:49)
	at javafx.event.Event.fireEvent(Event.java:198)
	at javafx.scene.Node.fireEvent(Node.java:8413)
	at javafx.scene.control.ToggleButton.fire(ToggleButton.java:256)
	at javafx.scene.control.RadioButton.fire(RadioButton.java:113)
	at com.sun.javafx.scene.control.behavior.ButtonBehavior.mouseReleased(ButtonBehavior.java:182)
	at com.sun.javafx.scene.control.skin.BehaviorSkinBase$1.handle(BehaviorSkinBase.java:96)
	at com.sun.javafx.scene.control.skin.BehaviorSkinBase$1.handle(BehaviorSkinBase.java:89)
	at com.sun.javafx.event.CompositeEventHandler$NormalEventHandlerRecord.handleBubblingEvent(CompositeEventHandler.java:218)
	at com.sun.javafx.event.CompositeEventHandler.dispatchBubblingEvent(CompositeEventHandler.java:80)
	at com.sun.javafx.event.EventHandlerManager.dispatchBubblingEvent(EventHandlerManager.java:238)
	at com.sun.javafx.event.EventHandlerManager.dispatchBubblingEvent(EventHandlerManager.java:191)
	at com.sun.javafx.event.CompositeEventDispatcher.dispatchBubblingEvent(CompositeEventDispatcher.java:59)
	at com.sun.javafx.event.BasicEventDispatcher.dispatchEvent(BasicEventDispatcher.java:58)
	at com.sun.javafx.event.EventDispatchChainImpl.dispatchEvent(EventDispatchChainImpl.java:114)
	at com.sun.javafx.event.BasicEventDispatcher.dispatchEvent(BasicEventDispatcher.java:56)
	at com.sun.javafx.event.EventDispatchChainImpl.dispatchEvent(EventDispatchChainImpl.java:114)
	at com.sun.javafx.event.BasicEventDispatcher.dispatchEvent(BasicEventDispatcher.java:56)
	at com.sun.javafx.event.EventDispatchChainImpl.dispatchEvent(EventDispatchChainImpl.java:114)
	at com.sun.javafx.event.EventUtil.fireEventImpl(EventUtil.java:74)
	at com.sun.javafx.event.EventUtil.fireEvent(EventUtil.java:54)
	at javafx.event.Event.fireEvent(Event.java:198)
	at javafx.scene.Scene$MouseHandler.process(Scene.java:3757)
	at javafx.scene.Scene$MouseHandler.access$1500(Scene.java:3485)
	at javafx.scene.Scene.impl_processMouseEvent(Scene.java:1762)
	at javafx.scene.Scene$ScenePeerListener.mouseEvent(Scene.java:2494)
	at com.sun.javafx.tk.quantum.GlassViewEventHandler$MouseEventNotification.run(GlassViewEventHandler.java:381)
	at com.sun.javafx.tk.quantum.GlassViewEventHandler$MouseEventNotification.run(GlassViewEventHandler.java:295)
	at java.security.AccessController.doPrivileged(Native Method)
	at com.sun.javafx.tk.quantum.GlassViewEventHandler.lambda$handleMouseEvent$354(GlassViewEventHandler.java:417)
	at com.sun.javafx.tk.quantum.QuantumToolkit.runWithoutRenderLock(QuantumToolkit.java:389)
	at com.sun.javafx.tk.quantum.GlassViewEventHandler.handleMouseEvent(GlassViewEventHandler.java:416)
	at com.sun.glass.ui.View.handleMouseEvent(View.java:555)
	at com.sun.glass.ui.View.notifyMouse(View.java:937)
	at com.sun.glass.ui.win.WinApplication._runLoop(Native Method)
	at com.sun.glass.ui.win.WinApplication.lambda$null$148(WinApplication.java:191)
	at java.lang.Thread.run(Thread.java:748)
2019-03-06 16:42:26 INFO  Controller:32 - CONNECTED
2019-03-06 16:42:39 WARN  MimeEntity:305 - Invalid header encountered
2019-03-06 16:42:39 WARN  MimeEntity:305 - Body part ended prematurely. Boundary detected in header or EOF reached.
2019-03-06 16:42:49 WARN  MimeEntity:305 - Invalid header encountered
2019-03-06 16:42:49 WARN  MimeEntity:305 - Body part ended prematurely. Boundary detected in header or EOF reached.
2019-03-06 16:43:10 WARN  MimeEntity:305 - Invalid header encountered
2019-03-06 16:43:10 WARN  MimeEntity:305 - Body part ended prematurely. Boundary detected in header or EOF reached.
2019-03-06 16:43:48 INFO  Controller:32 - CONNECTED
2019-03-06 16:44:10 INFO  Controller:32 - CONNECTED
2019-03-06 17:11:38 INFO  Controller:32 - CONNECTED
2019-03-06 17:11:48 INFO  Controller:32 - CONNECTED
2019-03-06 17:12:26 WARN  MimeEntity:305 - Invalid header encountered
2019-03-06 17:12:26 WARN  MimeEntity:305 - Body part ended prematurely. Boundary detected in header or EOF reached.
2019-03-06 17:16:41 INFO  Controller:32 - CONNECTED
2019-03-06 17:16:53 INFO  Controller:32 - CONNECTED
2019-03-06 17:17:20 WARN  MimeEntity:305 - Invalid header encountered
2019-03-06 17:17:20 WARN  MimeEntity:305 - Body part ended prematurely. Boundary detected in header or EOF reached.
2019-03-06 17:18:50 INFO  Controller:32 - CONNECTED
2019-03-06 17:19:13 WARN  MimeEntity:305 - Invalid header encountered
2019-03-06 17:19:13 WARN  MimeEntity:305 - Body part ended prematurely. Boundary detected in header or EOF reached.
2019-03-06 17:22:05 INFO  Controller:32 - CONNECTED
2019-03-06 17:22:42 WARN  MimeEntity:305 - Invalid header encountered
2019-03-06 17:23:28 INFO  Controller:32 - CONNECTED
2019-03-06 17:29:17 INFO  Controller:32 - CONNECTED
2019-03-06 17:31:03 INFO  Controller:32 - CONNECTED
2019-03-06 17:50:33 INFO  Controller:32 - CONNECTED
2019-03-06 17:50:37 INFO  Controller:53 - DISCONNECTED
2019-03-06 18:04:38 INFO  Controller:32 - CONNECTED
2019-03-06 18:04:39 INFO  Controller:53 - DISCONNECTED
2019-03-06 18:05:11 INFO  Controller:32 - CONNECTED
2019-03-06 19:38:05 INFO  Controller:32 - CONNECTED
2019-03-06 19:38:19 WARN  MimeEntity:305 - Invalid header encountered
2019-03-06 19:40:04 INFO  Controller:32 - CONNECTED
2019-03-06 19:40:14 WARN  MimeEntity:305 - Invalid header encountered
2019-03-06 19:42:13 INFO  Controller:32 - CONNECTED
2019-03-06 19:42:21 WARN  MimeEntity:305 - Invalid header encountered
2019-03-06 19:45:55 INFO  Controller:32 - CONNECTED
2019-03-06 19:46:05 WARN  MimeEntity:305 - Invalid header encountered
2019-03-06 19:47:08 INFO  Controller:32 - CONNECTED
2019-03-06 19:47:16 WARN  MimeEntity:305 - Invalid header encountered
2019-03-06 19:53:24 INFO  Controller:32 - CONNECTED
2019-03-06 19:53:31 WARN  MimeEntity:305 - Invalid header encountered
2019-03-06 19:55:33 INFO  Controller:32 - CONNECTED
2019-03-06 19:55:41 WARN  MimeEntity:305 - Invalid header encountered
2019-03-06 20:04:58 INFO  Controller:32 - CONNECTED
2019-03-06 20:05:08 WARN  MimeEntity:305 - Invalid header encountered
2019-03-06 20:05:53 INFO  Controller:32 - CONNECTED
2019-03-06 20:06:01 WARN  MimeEntity:305 - Invalid header encountered
2019-03-06 20:08:51 INFO  Controller:32 - CONNECTED
2019-03-06 20:14:36 INFO  Controller:32 - CONNECTED
2019-03-06 20:14:44 WARN  MimeEntity:305 - Invalid header encountered
2019-03-06 20:15:38 INFO  Controller:32 - CONNECTED
2019-03-06 20:15:45 WARN  MimeEntity:305 - Invalid header encountered
2019-03-06 20:18:16 INFO  Controller:32 - CONNECTED
2019-03-06 20:18:26 WARN  MimeEntity:305 - Invalid header encountered
2019-03-06 20:20:43 INFO  Controller:32 - CONNECTED
2019-03-06 20:20:52 WARN  MimeEntity:305 - Invalid header encountered
2019-03-06 20:29:27 INFO  Controller:32 - CONNECTED
2019-03-06 20:29:40 WARN  MimeEntity:305 - Invalid header encountered
